#
# There is insufficient memory for the Java Runtime Environment to continue.
# Native memory allocation (malloc) failed to allocate 1455568 bytes for Chunk::new
# Possible reasons:
#   The system is out of physical RAM or swap space
#   The process is running with CompressedOops enabled, and the Java Heap may be blocking the growth of the native heap
# Possible solutions:
#   Reduce memory load on the system
#   Increase physical memory or swap space
#   Check if swap backing store is full
#   Decrease Java heap size (-Xmx/-Xms)
#   Decrease number of Java threads
#   Decrease Java thread stack sizes (-Xss)
#   Set larger code cache with -XX:ReservedCodeCacheSize=
#   JVM is running with Unscaled Compressed Oops mode in which the Java heap is
#     placed in the first 4GB address space. The Java Heap base address is the
#     maximum limit for the native heap growth. Please use -XX:HeapBaseMinAddress
#     to set the Java Heap base and to place the Java Heap above 4GB virtual address.
# This output file may be truncated or incomplete.
#
#  Out of Memory Error (allocation.cpp:389), pid=17576, tid=0x0000000000001d8c
#
# JRE version: OpenJDK Runtime Environment (8.0_242-b01) (build 1.8.0_242-release-1644-b01)
# Java VM: OpenJDK 64-Bit Server VM (25.242-b01 mixed mode windows-amd64 compressed oops)
# Failed to write core dump. Minidumps are not enabled by default on client versions of Windows
#

---------------  T H R E A D  ---------------

Current thread (0x0000000017566000):  JavaThread "C2 CompilerThread0" daemon [_thread_in_native, id=7564, stack(0x0000000018bc0000,0x0000000018cc0000)]

Stack: [0x0000000018bc0000,0x0000000018cc0000]
[error occurred during error reporting (printing stack bounds), id 0xc0000005]

Native frames: (J=compiled Java code, j=interpreted, Vv=VM code, C=native code)


Current CompileTask:
C2:  42430 10498       4       com.sun.imageio.plugins.png.PNGImageWriter::encodePass (1063 bytes)


---------------  P R O C E S S  ---------------

Java Threads: ( => current thread )
  0x000000001ba17000 JavaThread "MarlinRenderer Disposer" daemon [_thread_blocked, id=17592, stack(0x000000002d550000,0x000000002d650000)]
  0x000000001ba0f800 JavaThread "Java2D Disposer" daemon [_thread_blocked, id=13188, stack(0x000000002d450000,0x000000002d550000)]
  0x000000001ba16000 JavaThread "WorkerExecutor Queue Thread 4" [_thread_in_native, id=19792, stack(0x000000002d150000,0x000000002d250000)]
  0x000000001ba0e800 JavaThread "WorkerExecutor Queue Thread 3" [_thread_in_Java, id=17484, stack(0x000000002d050000,0x000000002d150000)]
  0x000000001ba12800 JavaThread "WorkerExecutor Queue Thread 2" [_thread_in_Java, id=17748, stack(0x000000002cf50000,0x000000002d050000)]
  0x000000001ba15800 JavaThread "WorkerExecutor Queue" [_thread_in_Java, id=18168, stack(0x000000002ce50000,0x000000002cf50000)]
  0x000000001b598000 JavaThread "Cache worker for execution history cache (D:\Kotlin\ForcastApp\.gradle\6.5\executionHistory)" [_thread_blocked, id=16092, stack(0x000000002ca50000,0x000000002cb50000)]
  0x000000001b598800 JavaThread "Execution worker for ':' Thread 3" [_thread_in_native, id=19328, stack(0x000000002c950000,0x000000002ca50000)]
  0x000000001b597000 JavaThread "Execution worker for ':' Thread 2" [_thread_blocked, id=15048, stack(0x000000002c850000,0x000000002c950000)]
  0x000000001b450800 JavaThread "Execution worker for ':'" [_thread_blocked, id=21268, stack(0x0000000000c00000,0x0000000000d00000)]
  0x000000001b44e000 JavaThread "Cache worker for file content cache (D:\Kotlin\ForcastApp\.gradle\6.5\fileContent)" [_thread_blocked, id=19900, stack(0x000000002c350000,0x000000002c450000)]
  0x000000001b44f800 JavaThread "Memory manager" [_thread_blocked, id=17032, stack(0x000000002c250000,0x000000002c350000)]
  0x000000001b455000 JavaThread "pool-2-thread-1" [_thread_blocked, id=10508, stack(0x000000002bf50000,0x000000002c050000)]
  0x000000001b6be800 JavaThread "Cache worker for Build Output Cleanup Cache (D:\Kotlin\ForcastApp\.gradle\buildOutputCleanup)" [_thread_blocked, id=19912, stack(0x000000002be50000,0x000000002bf50000)]
  0x000000001b6c1000 JavaThread "Build operations Thread 4" [_thread_blocked, id=19384, stack(0x00000000298c0000,0x00000000299c0000)]
  0x000000001b6bb800 JavaThread "Build operations Thread 3" [_thread_blocked, id=12028, stack(0x00000000297c0000,0x00000000298c0000)]
  0x000000001b6bf800 JavaThread "Build operations Thread 2" [_thread_blocked, id=17316, stack(0x00000000222c0000,0x00000000223c0000)]
  0x000000001b6bd000 JavaThread "Build operations" [_thread_blocked, id=17276, stack(0x00000000221c0000,0x00000000222c0000)]
  0x000000001b6bc800 JavaThread "Cache worker for cache directory md-rule (C:\Users\METRO\.gradle\caches\6.5\md-rule)" [_thread_blocked, id=19172, stack(0x00000000220c0000,0x00000000221c0000)]
  0x000000001b6b9800 JavaThread "Cache worker for cache directory md-supplier (C:\Users\METRO\.gradle\caches\6.5\md-supplier)" [_thread_blocked, id=20664, stack(0x0000000021fc0000,0x00000000220c0000)]
  0x000000001b6bb000 JavaThread "Cache worker for checksums cache (D:\Kotlin\ForcastApp\.gradle\checksums)" [_thread_blocked, id=16468, stack(0x0000000020fc0000,0x00000000210c0000)]
  0x000000001b6c0800 JavaThread "Cache worker for file hash cache (D:\Kotlin\ForcastApp\.gradle\6.5\fileHashes)" [_thread_blocked, id=19508, stack(0x000000001fc60000,0x000000001fd60000)]
  0x000000001b6be000 JavaThread "Thread-145" [_thread_blocked, id=20892, stack(0x000000001fb60000,0x000000001fc60000)]
  0x000000001b6ba000 JavaThread "Stdin handler" [_thread_blocked, id=21468, stack(0x000000001d650000,0x000000001d750000)]
  0x000000001b6b2000 JavaThread "Asynchronous log dispatcher for DefaultDaemonConnection: socket connection from /127.0.0.1:50086 to /127.0.0.1:50107" [_thread_blocked, id=17532, stack(0x000000001d050000,0x000000001d150000)]
  0x000000001b6b8800 JavaThread "Cancel handler" [_thread_blocked, id=17504, stack(0x000000001cf50000,0x000000001d050000)]
  0x000000001b6b6800 JavaThread "Handler for socket connection from /127.0.0.1:50086 to /127.0.0.1:50107" [_thread_in_native, id=18704, stack(0x000000001ce50000,0x000000001cf50000)]
  0x000000001b6b8000 JavaThread "jar transforms Thread 114" [_thread_blocked, id=18376, stack(0x00000000294c0000,0x00000000295c0000)]
  0x000000001b6b7000 JavaThread "jar transforms Thread 113" [_thread_blocked, id=8120, stack(0x00000000293c0000,0x00000000294c0000)]
  0x000000001b6b5800 JavaThread "jar transforms Thread 112" [_thread_blocked, id=1632, stack(0x00000000292c0000,0x00000000293c0000)]
  0x000000001b6b4000 JavaThread "jar transforms Thread 111" [_thread_blocked, id=18208, stack(0x00000000291c0000,0x00000000292c0000)]
  0x000000001b6b3800 JavaThread "jar transforms Thread 110" [_thread_blocked, id=19568, stack(0x00000000290c0000,0x00000000291c0000)]
  0x000000001b6b5000 JavaThread "jar transforms Thread 109" [_thread_blocked, id=16748, stack(0x0000000028fc0000,0x00000000290c0000)]
  0x000000001b6b2800 JavaThread "jar transforms Thread 108" [_thread_blocked, id=19008, stack(0x0000000028ec0000,0x0000000028fc0000)]
  0x000000001a889000 JavaThread "jar transforms Thread 107" [_thread_blocked, id=19040, stack(0x0000000028dc0000,0x0000000028ec0000)]
  0x000000001a887800 JavaThread "jar transforms Thread 106" [_thread_blocked, id=7716, stack(0x0000000028cc0000,0x0000000028dc0000)]
  0x000000001a885000 JavaThread "jar transforms Thread 105" [_thread_blocked, id=20032, stack(0x0000000028bc0000,0x0000000028cc0000)]
  0x000000001a889800 JavaThread "jar transforms Thread 104" [_thread_blocked, id=16952, stack(0x0000000028ac0000,0x0000000028bc0000)]
  0x000000001a884800 JavaThread "jar transforms Thread 103" [_thread_blocked, id=7704, stack(0x00000000289c0000,0x0000000028ac0000)]
  0x000000001a886800 JavaThread "jar transforms Thread 102" [_thread_blocked, id=19044, stack(0x00000000288c0000,0x00000000289c0000)]
  0x000000001a888000 JavaThread "jar transforms Thread 101" [_thread_blocked, id=18292, stack(0x00000000287c0000,0x00000000288c0000)]
  0x000000001a88a800 JavaThread "jar transforms Thread 100" [_thread_blocked, id=1608, stack(0x00000000286c0000,0x00000000287c0000)]
  0x000000001a886000 JavaThread "jar transforms Thread 99" [_thread_blocked, id=8920, stack(0x00000000285c0000,0x00000000286c0000)]
  0x000000001a87d000 JavaThread "jar transforms Thread 98" [_thread_blocked, id=19340, stack(0x00000000284c0000,0x00000000285c0000)]
  0x000000001a881800 JavaThread "jar transforms Thread 97" [_thread_blocked, id=20848, stack(0x00000000283c0000,0x00000000284c0000)]
  0x000000001a880800 JavaThread "jar transforms Thread 96" [_thread_blocked, id=21256, stack(0x00000000282c0000,0x00000000283c0000)]
  0x000000001a883800 JavaThread "jar transforms Thread 95" [_thread_blocked, id=8160, stack(0x00000000281c0000,0x00000000282c0000)]
  0x000000001a883000 JavaThread "jar transforms Thread 94" [_thread_blocked, id=18912, stack(0x00000000280c0000,0x00000000281c0000)]
  0x000000001a87b800 JavaThread "jar transforms Thread 93" [_thread_blocked, id=11824, stack(0x0000000027fc0000,0x00000000280c0000)]
  0x000000001a87d800 JavaThread "jar transforms Thread 92" [_thread_blocked, id=16244, stack(0x0000000027ec0000,0x0000000027fc0000)]
  0x000000001a880000 JavaThread "jar transforms Thread 91" [_thread_blocked, id=14308, stack(0x0000000027dc0000,0x0000000027ec0000)]
  0x000000001a882000 JavaThread "jar transforms Thread 90" [_thread_blocked, id=19528, stack(0x0000000027cc0000,0x0000000027dc0000)]
  0x000000001a87c000 JavaThread "jar transforms Thread 89" [_thread_blocked, id=20820, stack(0x0000000027bc0000,0x0000000027cc0000)]
  0x000000001a87f000 JavaThread "jar transforms Thread 88" [_thread_blocked, id=21188, stack(0x0000000027ac0000,0x0000000027bc0000)]
  0x000000001a87e800 JavaThread "jar transforms Thread 87" [_thread_blocked, id=4328, stack(0x00000000279c0000,0x0000000027ac0000)]
  0x000000001e452000 JavaThread "jar transforms Thread 86" [_thread_blocked, id=18616, stack(0x00000000278c0000,0x00000000279c0000)]
  0x000000001e451000 JavaThread "jar transforms Thread 85" [_thread_blocked, id=20800, stack(0x00000000277c0000,0x00000000278c0000)]
  0x000000001e453800 JavaThread "jar transforms Thread 84" [_thread_blocked, id=19260, stack(0x00000000276c0000,0x00000000277c0000)]
  0x000000001e450800 JavaThread "jar transforms Thread 83" [_thread_blocked, id=492, stack(0x00000000275c0000,0x00000000276c0000)]
  0x000000001e44f800 JavaThread "jar transforms Thread 82" [_thread_blocked, id=364, stack(0x00000000274c0000,0x00000000275c0000)]
  0x000000001e452800 JavaThread "jar transforms Thread 81" [_thread_blocked, id=16740, stack(0x00000000273c0000,0x00000000274c0000)]
  0x000000001e44f000 JavaThread "jar transforms Thread 80" [_thread_blocked, id=17112, stack(0x00000000272c0000,0x00000000273c0000)]
  0x000000001e44e000 JavaThread "jar transforms Thread 79" [_thread_blocked, id=21136, stack(0x00000000271c0000,0x00000000272c0000)]
  0x000000001e446800 JavaThread "jar transforms Thread 78" [_thread_blocked, id=16608, stack(0x00000000270c0000,0x00000000271c0000)]
  0x000000001e44d800 JavaThread "jar transforms Thread 77" [_thread_blocked, id=20012, stack(0x0000000026fc0000,0x00000000270c0000)]
  0x000000001e446000 JavaThread "jar transforms Thread 76" [_thread_blocked, id=19108, stack(0x0000000026ec0000,0x0000000026fc0000)]
  0x000000001e44c800 JavaThread "jar transforms Thread 75" [_thread_blocked, id=19204, stack(0x0000000026dc0000,0x0000000026ec0000)]
  0x000000001e445000 JavaThread "jar transforms Thread 74" [_thread_blocked, id=21368, stack(0x0000000026cc0000,0x0000000026dc0000)]
  0x000000001e44c000 JavaThread "jar transforms Thread 73" [_thread_blocked, id=7428, stack(0x0000000026bc0000,0x0000000026cc0000)]
  0x000000001e444800 JavaThread "jar transforms Thread 72" [_thread_blocked, id=16764, stack(0x0000000026ac0000,0x0000000026bc0000)]
  0x000000001e44b000 JavaThread "jar transforms Thread 71" [_thread_blocked, id=20688, stack(0x00000000269c0000,0x0000000026ac0000)]
  0x000000001e447800 JavaThread "jar transforms Thread 70" [_thread_blocked, id=21144, stack(0x00000000268c0000,0x00000000269c0000)]
  0x000000001e44a800 JavaThread "jar transforms Thread 69" [_thread_blocked, id=2384, stack(0x00000000267c0000,0x00000000268c0000)]
  0x000000001e449800 JavaThread "jar transforms Thread 68" [_thread_blocked, id=19800, stack(0x00000000266c0000,0x00000000267c0000)]
  0x000000001e449000 JavaThread "jar transforms Thread 67" [_thread_blocked, id=18628, stack(0x00000000265c0000,0x00000000266c0000)]
  0x000000001e448000 JavaThread "jar transforms Thread 66" [_thread_blocked, id=14960, stack(0x00000000264c0000,0x00000000265c0000)]
  0x000000001e4db800 JavaThread "jar transforms Thread 65" [_thread_blocked, id=1228, stack(0x00000000263c0000,0x00000000264c0000)]
  0x000000001e4d9000 JavaThread "jar transforms Thread 64" [_thread_blocked, id=11024, stack(0x00000000262c0000,0x00000000263c0000)]
  0x000000001e4d7800 JavaThread "jar transforms Thread 63" [_thread_blocked, id=16752, stack(0x00000000261c0000,0x00000000262c0000)]
  0x000000001e4d8800 JavaThread "jar transforms Thread 62" [_thread_blocked, id=20724, stack(0x00000000260c0000,0x00000000261c0000)]
  0x000000001e4da000 JavaThread "jar transforms Thread 61" [_thread_blocked, id=19704, stack(0x0000000025fc0000,0x00000000260c0000)]
  0x000000001e4d7000 JavaThread "jar transforms Thread 60" [_thread_blocked, id=15936, stack(0x0000000025ec0000,0x0000000025fc0000)]
  0x000000001e4da800 JavaThread "jar transforms Thread 59" [_thread_blocked, id=18888, stack(0x0000000025dc0000,0x0000000025ec0000)]
  0x000000001e4d6000 JavaThread "jar transforms Thread 58" [_thread_blocked, id=19296, stack(0x0000000025cc0000,0x0000000025dc0000)]
  0x000000001e4ce800 JavaThread "jar transforms Thread 57" [_thread_blocked, id=19808, stack(0x0000000025bc0000,0x0000000025cc0000)]
  0x000000001e4d5800 JavaThread "jar transforms Thread 56" [_thread_blocked, id=18836, stack(0x0000000025ac0000,0x0000000025bc0000)]
  0x000000001e4d4800 JavaThread "jar transforms Thread 55" [_thread_blocked, id=7996, stack(0x00000000259c0000,0x0000000025ac0000)]
  0x000000001e4d0000 JavaThread "jar transforms Thread 54" [_thread_blocked, id=16480, stack(0x00000000258c0000,0x00000000259c0000)]
  0x000000001e4cd000 JavaThread "jar transforms Thread 53" [_thread_blocked, id=14888, stack(0x00000000257c0000,0x00000000258c0000)]
  0x000000001e4cf800 JavaThread "jar transforms Thread 52" [_thread_blocked, id=7792, stack(0x00000000256c0000,0x00000000257c0000)]
  0x000000001e4d4000 JavaThread "jar transforms Thread 51" [_thread_blocked, id=18916, stack(0x00000000255c0000,0x00000000256c0000)]
  0x000000001e4d1800 JavaThread "jar transforms Thread 50" [_thread_blocked, id=16136, stack(0x00000000254c0000,0x00000000255c0000)]
  0x000000001e4ce000 JavaThread "jar transforms Thread 49" [_thread_blocked, id=3732, stack(0x00000000253c0000,0x00000000254c0000)]
  0x000000001e4d2800 JavaThread "jar transforms Thread 48" [_thread_blocked, id=18324, stack(0x00000000252c0000,0x00000000253c0000)]
  0x000000001e4cc800 JavaThread "jar transforms Thread 47" [_thread_blocked, id=16604, stack(0x00000000251c0000,0x00000000252c0000)]
  0x000000001e4d1000 JavaThread "jar transforms Thread 46" [_thread_blocked, id=18540, stack(0x00000000250c0000,0x00000000251c0000)]
  0x000000001e4d3000 JavaThread "jar transforms Thread 45" [_thread_blocked, id=17756, stack(0x0000000024fc0000,0x00000000250c0000)]
  0x000000001ded3800 JavaThread "jar transforms Thread 44" [_thread_blocked, id=7808, stack(0x0000000024ec0000,0x0000000024fc0000)]
  0x000000001ded3000 JavaThread "jar transforms Thread 43" [_thread_blocked, id=19556, stack(0x0000000024dc0000,0x0000000024ec0000)]
  0x000000001ded2000 JavaThread "jar transforms Thread 42" [_thread_blocked, id=19100, stack(0x0000000024cc0000,0x0000000024dc0000)]
  0x000000001ded1800 JavaThread "jar transforms Thread 41" [_thread_blocked, id=19708, stack(0x0000000024bc0000,0x0000000024cc0000)]
  0x000000001ded0800 JavaThread "jar transforms Thread 40" [_thread_blocked, id=5240, stack(0x0000000024ac0000,0x0000000024bc0000)]
  0x000000001ded7800 JavaThread "jar transforms Thread 39" [_thread_blocked, id=15484, stack(0x00000000249c0000,0x0000000024ac0000)]
  0x000000001ded6800 JavaThread "jar transforms Thread 38" [_thread_blocked, id=19300, stack(0x00000000248c0000,0x00000000249c0000)]
  0x000000001ded6000 JavaThread "jar transforms Thread 37" [_thread_blocked, id=8848, stack(0x00000000247c0000,0x00000000248c0000)]
  0x000000001ded5000 JavaThread "jar transforms Thread 36" [_thread_blocked, id=1016, stack(0x00000000246c0000,0x00000000247c0000)]
  0x000000001ded4800 JavaThread "jar transforms Thread 35" [_thread_blocked, id=19080, stack(0x00000000245c0000,0x00000000246c0000)]
  0x000000001dec9000 JavaThread "jar transforms Thread 34" [_thread_blocked, id=19212, stack(0x00000000244c0000,0x00000000245c0000)]
  0x000000001ded0000 JavaThread "jar transforms Thread 33" [_thread_blocked, id=20936, stack(0x00000000243c0000,0x00000000244c0000)]
  0x000000001decc000 JavaThread "jar transforms Thread 32" [_thread_blocked, id=17036, stack(0x00000000242c0000,0x00000000243c0000)]
  0x000000001decf000 JavaThread "jar transforms Thread 31" [_thread_blocked, id=19188, stack(0x00000000241c0000,0x00000000242c0000)]
  0x000000001deca800 JavaThread "jar transforms Thread 30" [_thread_blocked, id=18444, stack(0x00000000240c0000,0x00000000241c0000)]
  0x000000001dece800 JavaThread "jar transforms Thread 29" [_thread_blocked, id=5960, stack(0x0000000023fc0000,0x00000000240c0000)]
  0x000000001decb800 JavaThread "jar transforms Thread 28" [_thread_blocked, id=16540, stack(0x0000000023ec0000,0x0000000023fc0000)]
  0x000000001deca000 JavaThread "jar transforms Thread 27" [_thread_blocked, id=5424, stack(0x0000000023dc0000,0x0000000023ec0000)]
  0x000000001decd000 JavaThread "jar transforms Thread 26" [_thread_blocked, id=17220, stack(0x0000000023cc0000,0x0000000023dc0000)]
  0x000000001decd800 JavaThread "jar transforms Thread 25" [_thread_blocked, id=3368, stack(0x0000000023bc0000,0x0000000023cc0000)]
  0x000000001dec8800 JavaThread "jar transforms Thread 24" [_thread_blocked, id=1436, stack(0x0000000023ac0000,0x0000000023bc0000)]
  0x000000001abe6800 JavaThread "jar transforms Thread 23" [_thread_blocked, id=21052, stack(0x00000000239c0000,0x0000000023ac0000)]
  0x000000001abe8000 JavaThread "jar transforms Thread 22" [_thread_blocked, id=21140, stack(0x00000000238c0000,0x00000000239c0000)]
  0x000000001abe5800 JavaThread "jar transforms Thread 21" [_thread_blocked, id=21056, stack(0x00000000237c0000,0x00000000238c0000)]
  0x000000001abe5000 JavaThread "jar transforms Thread 20" [_thread_blocked, id=15124, stack(0x00000000236c0000,0x00000000237c0000)]
  0x000000001abe4000 JavaThread "jar transforms Thread 19" [_thread_blocked, id=19684, stack(0x00000000235c0000,0x00000000236c0000)]
  0x000000001abe3800 JavaThread "jar transforms Thread 18" [_thread_blocked, id=16432, stack(0x00000000234c0000,0x00000000235c0000)]
  0x000000001abe7000 JavaThread "jar transforms Thread 17" [_thread_blocked, id=20840, stack(0x00000000233c0000,0x00000000234c0000)]
  0x000000001abe2000 JavaThread "jar transforms Thread 16" [_thread_blocked, id=10300, stack(0x00000000232c0000,0x00000000233c0000)]
  0x000000001abe1000 JavaThread "jar transforms Thread 15" [_thread_blocked, id=18152, stack(0x00000000231c0000,0x00000000232c0000)]
  0x000000001abe2800 JavaThread "jar transforms Thread 14" [_thread_blocked, id=21488, stack(0x00000000230c0000,0x00000000231c0000)]
  0x000000001b59f800 JavaThread "jar transforms Thread 13" [_thread_blocked, id=16744, stack(0x0000000022fc0000,0x00000000230c0000)]
  0x000000001b59d000 JavaThread "jar transforms Thread 12" [_thread_blocked, id=10768, stack(0x0000000022dc0000,0x0000000022ec0000)]
  0x000000001b59e000 JavaThread "jar transforms Thread 11" [_thread_blocked, id=8680, stack(0x0000000022cc0000,0x0000000022dc0000)]
  0x000000001b59c800 JavaThread "jar transforms Thread 10" [_thread_blocked, id=2896, stack(0x0000000022bc0000,0x0000000022cc0000)]
  0x000000001b59b000 JavaThread "jar transforms Thread 9" [_thread_blocked, id=540, stack(0x0000000022ac0000,0x0000000022bc0000)]
  0x000000001b5a0000 JavaThread "jar transforms Thread 8" [_thread_blocked, id=13444, stack(0x00000000229c0000,0x0000000022ac0000)]
  0x000000001b59e800 JavaThread "jar transforms Thread 7" [_thread_blocked, id=2996, stack(0x00000000228c0000,0x00000000229c0000)]
  0x000000001b59b800 JavaThread "jar transforms Thread 6" [_thread_blocked, id=18000, stack(0x00000000227c0000,0x00000000228c0000)]
  0x000000001b593800 JavaThread "jar transforms Thread 5" [_thread_blocked, id=4136, stack(0x00000000226c0000,0x00000000227c0000)]
  0x000000001b59a000 JavaThread "jar transforms Thread 4" [_thread_blocked, id=11500, stack(0x00000000225c0000,0x00000000226c0000)]
  0x000000001b592800 JavaThread "jar transforms Thread 3" [_thread_blocked, id=18012, stack(0x00000000224c0000,0x00000000225c0000)]
  0x000000001b599800 JavaThread "jar transforms Thread 2" [_thread_blocked, id=5244, stack(0x00000000223c0000,0x00000000224c0000)]
  0x000000001b591000 JavaThread "Cache worker for file content cache (C:\Users\METRO\.gradle\caches\6.5\fileContent)" [_thread_blocked, id=21176, stack(0x00000000218c0000,0x00000000219c0000)]
  0x000000001b453800 JavaThread "jar transforms" [_thread_blocked, id=20060, stack(0x00000000217c0000,0x00000000218c0000)]
  0x000000001b452000 JavaThread "Cache worker for execution history cache (C:\Users\METRO\.gradle\caches\6.5\executionHistory)" [_thread_blocked, id=15564, stack(0x00000000210c0000,0x00000000211c0000)]
  0x000000001b451000 JavaThread "Cache worker for file hash cache (C:\Users\METRO\.gradle\caches\6.5\fileHashes)" [_thread_blocked, id=21500, stack(0x000000001d550000,0x000000001d650000)]
  0x000000001b44f000 JavaThread "File lock request listener" [_thread_in_native, id=18020, stack(0x000000001d450000,0x000000001d550000)]
  0x000000001b452800 JavaThread "Cache worker for journal cache (C:\Users\METRO\.gradle\caches\journal-1)" [_thread_blocked, id=19840, stack(0x000000001d350000,0x000000001d450000)]
  0x00000000198d6800 JavaThread "Daemon worker" [_thread_blocked, id=14272, stack(0x000000001cd50000,0x000000001ce50000)]
  0x000000001aef0800 JavaThread "Daemon" [_thread_blocked, id=16044, stack(0x000000001ca50000,0x000000001cb50000)]
  0x000000001b2c0000 JavaThread "Daemon periodic checks" [_thread_blocked, id=17360, stack(0x000000001c750000,0x000000001c850000)]
  0x000000001b240800 JavaThread "Incoming local TCP Connector on port 50086" [_thread_in_native, id=15672, stack(0x000000001c510000,0x000000001c610000)]
  0x000000001b176800 JavaThread "Daemon health stats" [_thread_blocked, id=19948, stack(0x000000001bed0000,0x000000001bfd0000)]
  0x0000000018ef8800 JavaThread "Service Thread" daemon [_thread_blocked, id=16444, stack(0x00000000192c0000,0x00000000193c0000)]
  0x000000001756f800 JavaThread "C1 CompilerThread2" daemon [_thread_blocked, id=18644, stack(0x0000000018dc0000,0x0000000018ec0000)]
  0x000000001756b800 JavaThread "C2 CompilerThread1" daemon [_thread_in_native, id=19412, stack(0x0000000018cc0000,0x0000000018dc0000)]
=>0x0000000017566000 JavaThread "C2 CompilerThread0" daemon [_thread_in_native, id=7564, stack(0x0000000018bc0000,0x0000000018cc0000)]
  0x0000000017564800 JavaThread "Attach Listener" daemon [_thread_blocked, id=19160, stack(0x0000000018ac0000,0x0000000018bc0000)]
  0x00000000175b2800 JavaThread "Signal Dispatcher" daemon [_thread_blocked, id=8892, stack(0x00000000189c0000,0x0000000018ac0000)]
  0x000000000293b000 JavaThread "Finalizer" daemon [_thread_blocked, id=14304, stack(0x00000000187c0000,0x00000000188c0000)]
  0x0000000017549000 JavaThread "Reference Handler" daemon [_thread_blocked, id=12252, stack(0x00000000186c0000,0x00000000187c0000)]
  0x000000000263d800 JavaThread "main" [_thread_blocked, id=4700, stack(0x0000000002740000,0x0000000002840000)]

Other Threads:
  0x0000000017526000 VMThread [stack: 0x00000000185c0000,0x00000000186c0000] [id=8392]
  0x00000000175bb000 WatcherThread [stack: 0x00000000193c0000,0x00000000194c0000] [id=8840]

VM state:not at safepoint (normal execution)

VM Mutex/Monitor currently owned by a thread: None

OutOfMemory and StackOverflow Exception counts:
OutOfMemoryError java_heap_errors=1

heap address: 0x0000000080000000, size: 2048 MB, Compressed Oops mode: 32-bit
Narrow klass base: 0x0000000000000000, Narrow klass shift: 3
Compressed class space size: 1073741824 Address: 0x0000000100000000

Heap:
 PSYoungGen      total 226816K, used 175354K [0x00000000d5580000, 0x00000000e7b80000, 0x0000000100000000)
  eden space 205824K, 85% used [0x00000000d5580000,0x00000000e00be8f0,0x00000000e1e80000)
  from space 20992K, 0% used [0x00000000e1e80000,0x00000000e1e80000,0x00000000e3300000)
  to   space 23040K, 0% used [0x00000000e6500000,0x00000000e6500000,0x00000000e7b80000)
 ParOldGen       total 120832K, used 106743K [0x0000000080000000, 0x0000000087600000, 0x00000000d5580000)
  object space 120832K, 88% used [0x0000000080000000,0x000000008683dca0,0x0000000087600000)
 Metaspace       used 75042K, capacity 77776K, committed 78936K, reserved 1118208K
  class space    used 9787K, capacity 10297K, committed 10624K, reserved 1048576K

Card table byte_map: [0x0000000011d00000,0x0000000012110000] byte_map_base: 0x0000000011900000

Marking Bits: (ParMarkBitMap*) 0x000000006669f030
 Begin Bits: [0x00000000127c0000, 0x00000000147c0000)
 End Bits:   [0x00000000147c0000, 0x00000000167c0000)

Polling page: 0x0000000000db0000

CodeCache: size=245760Kb used=28786Kb max_used=29037Kb free=216973Kb
 bounds [0x0000000002940000, 0x00000000045e0000, 0x0000000011940000]
 total_blobs=9928 nmethods=9004 adapters=836
 compilation: enabled

Compilation events (10 events):
Event: 42.142 Thread 0x000000001756f800 10637       3       sun.java2d.marlin.IntArrayCache$Reference::getArray (84 bytes)
Event: 42.143 Thread 0x000000001756f800 nmethod 10637 0x0000000004216e50 code [0x0000000004217000, 0x00000000042175f8]
Event: 42.146 Thread 0x000000001756f800 10639       3       sun.awt.SunHints$Key::getIndex (5 bytes)
Event: 42.146 Thread 0x000000001756f800 nmethod 10639 0x0000000004216a90 code [0x0000000004216be0, 0x0000000004216dd0]
Event: 42.150 Thread 0x000000001756f800 10640       1       sun.awt.image.IntegerInterleavedRaster::getPixelStride (5 bytes)
Event: 42.150 Thread 0x000000001756f800 nmethod 10640 0x000000000427d190 code [0x000000000427d2e0, 0x000000000427d3f0]
Event: 42.341 Thread 0x000000001756f800 10641       3       sun.java2d.marlin.IntArrayCache$Bucket::putArray (152 bytes)
Event: 42.341 Thread 0x000000001756f800 nmethod 10641 0x0000000004293b10 code [0x0000000004293c80, 0x0000000004293fb0]
Event: 42.407 Thread 0x000000001756f800 10642       1       com.google.protobuf.GeneratedMessageV3$Builder::getUnknownFields (5 bytes)
Event: 42.407 Thread 0x000000001756f800 nmethod 10642 0x0000000004293850 code [0x00000000042939a0, 0x0000000004293ab0]

GC Heap History (10 events):
Event: 37.986 GC heap before
{Heap before GC invocations=19 (full 4):
 PSYoungGen      total 226816K, used 20968K [0x00000000d5580000, 0x00000000e7b80000, 0x0000000100000000)
  eden space 205824K, 0% used [0x00000000d5580000,0x00000000d5580000,0x00000000e1e80000)
  from space 20992K, 99% used [0x00000000e1e80000,0x00000000e32fa228,0x00000000e3300000)
  to   space 23040K, 0% used [0x00000000e6500000,0x00000000e6500000,0x00000000e7b80000)
 ParOldGen       total 120832K, used 120630K [0x0000000080000000, 0x0000000087600000, 0x00000000d5580000)
  object space 120832K, 99% used [0x0000000080000000,0x00000000875cda10,0x0000000087600000)
 Metaspace       used 73395K, capacity 76690K, committed 76888K, reserved 1116160K
  class space    used 9681K, capacity 10310K, committed 10368K, reserved 1048576K
Event: 38.834 GC heap after
Heap after GC invocations=19 (full 4):
 PSYoungGen      total 226816K, used 10391K [0x00000000d5580000, 0x00000000e7b80000, 0x0000000100000000)
  eden space 205824K, 0% used [0x00000000d5580000,0x00000000d5580000,0x00000000e1e80000)
  from space 20992K, 49% used [0x00000000e1e80000,0x00000000e28a5df0,0x00000000e3300000)
  to   space 23040K, 0% used [0x00000000e6500000,0x00000000e6500000,0x00000000e7b80000)
 ParOldGen       total 120832K, used 120587K [0x0000000080000000, 0x0000000087600000, 0x00000000d5580000)
  object space 120832K, 99% used [0x0000000080000000,0x00000000875c2f50,0x0000000087600000)
 Metaspace       used 73265K, capacity 76312K, committed 76888K, reserved 1116160K
  class space    used 9640K, capacity 10237K, committed 10368K, reserved 1048576K
}
Event: 40.585 GC heap before
{Heap before GC invocations=20 (full 5):
 PSYoungGen      total 226816K, used 210074K [0x00000000d5580000, 0x00000000e7b80000, 0x0000000100000000)
  eden space 205824K, 97% used [0x00000000d5580000,0x00000000e1880d40,0x00000000e1e80000)
  from space 20992K, 49% used [0x00000000e1e80000,0x00000000e28a5df0,0x00000000e3300000)
  to   space 23040K, 0% used [0x00000000e6500000,0x00000000e6500000,0x00000000e7b80000)
 ParOldGen       total 120832K, used 120587K [0x0000000080000000, 0x0000000087600000, 0x00000000d5580000)
  object space 120832K, 99% used [0x0000000080000000,0x00000000875c2f50,0x0000000087600000)
 Metaspace       used 75359K, capacity 78382K, committed 78936K, reserved 1118208K
  class space    used 9860K, capacity 10434K, committed 10624K, reserved 1048576K
Event: 40.968 GC heap after
Heap after GC invocations=20 (full 5):
 PSYoungGen      total 226816K, used 140999K [0x00000000d5580000, 0x00000000e7b80000, 0x0000000100000000)
  eden space 205824K, 68% used [0x00000000d5580000,0x00000000ddf31d30,0x00000000e1e80000)
  from space 20992K, 0% used [0x00000000e1e80000,0x00000000e1e80000,0x00000000e3300000)
  to   space 23040K, 0% used [0x00000000e6500000,0x00000000e6500000,0x00000000e7b80000)
 ParOldGen       total 120832K, used 113863K [0x0000000080000000, 0x0000000087600000, 0x00000000d5580000)
  object space 120832K, 94% used [0x0000000080000000,0x0000000086f31ec0,0x0000000087600000)
 Metaspace       used 75359K, capacity 78382K, committed 78936K, reserved 1118208K
  class space    used 9860K, capacity 10434K, committed 10624K, reserved 1048576K
}
Event: 41.010 GC heap before
{Heap before GC invocations=21 (full 6):
 PSYoungGen      total 226816K, used 147729K [0x00000000d5580000, 0x00000000e7b80000, 0x0000000100000000)
  eden space 205824K, 71% used [0x00000000d5580000,0x00000000de5c4578,0x00000000e1e80000)
  from space 20992K, 0% used [0x00000000e1e80000,0x00000000e1e80000,0x00000000e3300000)
  to   space 23040K, 0% used [0x00000000e6500000,0x00000000e6500000,0x00000000e7b80000)
 ParOldGen       total 120832K, used 113863K [0x0000000080000000, 0x0000000087600000, 0x00000000d5580000)
  object space 120832K, 94% used [0x0000000080000000,0x0000000086f31ec0,0x0000000087600000)
 Metaspace       used 75363K, capacity 78382K, committed 78936K, reserved 1118208K
  class space    used 9860K, capacity 10434K, committed 10624K, reserved 1048576K
Event: 41.210 GC heap after
Heap after GC invocations=21 (full 6):
 PSYoungGen      total 226816K, used 140945K [0x00000000d5580000, 0x00000000e7b80000, 0x0000000100000000)
  eden space 205824K, 68% used [0x00000000d5580000,0x00000000ddf24450,0x00000000e1e80000)
  from space 20992K, 0% used [0x00000000e1e80000,0x00000000e1e80000,0x00000000e3300000)
  to   space 23040K, 0% used [0x00000000e6500000,0x00000000e6500000,0x00000000e7b80000)
 ParOldGen       total 120832K, used 113863K [0x0000000080000000, 0x0000000087600000, 0x00000000d5580000)
  object space 120832K, 94% used [0x0000000080000000,0x0000000086f31ec0,0x0000000087600000)
 Metaspace       used 75363K, capacity 78382K, committed 78936K, reserved 1118208K
  class space    used 9860K, capacity 10434K, committed 10624K, reserved 1048576K
}
Event: 41.255 GC heap before
{Heap before GC invocations=22 (full 7):
 PSYoungGen      total 226816K, used 146110K [0x00000000d5580000, 0x00000000e7b80000, 0x0000000100000000)
  eden space 205824K, 70% used [0x00000000d5580000,0x00000000de42fa30,0x00000000e1e80000)
  from space 20992K, 0% used [0x00000000e1e80000,0x00000000e1e80000,0x00000000e3300000)
  to   space 23040K, 0% used [0x00000000e6500000,0x00000000e6500000,0x00000000e7b80000)
 ParOldGen       total 120832K, used 113863K [0x0000000080000000, 0x0000000087600000, 0x00000000d5580000)
  object space 120832K, 94% used [0x0000000080000000,0x0000000086f31ec0,0x0000000087600000)
 Metaspace       used 75363K, capacity 78382K, committed 78936K, reserved 1118208K
  class space    used 9860K, capacity 10434K, committed 10624K, reserved 1048576K
Event: 41.424 GC heap after
Heap after GC invocations=22 (full 7):
 PSYoungGen      total 226816K, used 140932K [0x00000000d5580000, 0x00000000e7b80000, 0x0000000100000000)
  eden space 205824K, 68% used [0x00000000d5580000,0x00000000ddf21048,0x00000000e1e80000)
  from space 20992K, 0% used [0x00000000e1e80000,0x00000000e1e80000,0x00000000e3300000)
  to   space 23040K, 0% used [0x00000000e6500000,0x00000000e6500000,0x00000000e7b80000)
 ParOldGen       total 120832K, used 113863K [0x0000000080000000, 0x0000000087600000, 0x00000000d5580000)
  object space 120832K, 94% used [0x0000000080000000,0x0000000086f31ec0,0x0000000087600000)
 Metaspace       used 75363K, capacity 78382K, committed 78936K, reserved 1118208K
  class space    used 9860K, capacity 10434K, committed 10624K, reserved 1048576K
}
Event: 41.424 GC heap before
{Heap before GC invocations=23 (full 8):
 PSYoungGen      total 226816K, used 140932K [0x00000000d5580000, 0x00000000e7b80000, 0x0000000100000000)
  eden space 205824K, 68% used [0x00000000d5580000,0x00000000ddf21048,0x00000000e1e80000)
  from space 20992K, 0% used [0x00000000e1e80000,0x00000000e1e80000,0x00000000e3300000)
  to   space 23040K, 0% used [0x00000000e6500000,0x00000000e6500000,0x00000000e7b80000)
 ParOldGen       total 120832K, used 113863K [0x0000000080000000, 0x0000000087600000, 0x00000000d5580000)
  object space 120832K, 94% used [0x0000000080000000,0x0000000086f31ec0,0x0000000087600000)
 Metaspace       used 75363K, capacity 78382K, committed 78936K, reserved 1118208K
  class space    used 9860K, capacity 10434K, committed 10624K, reserved 1048576K
Event: 41.775 GC heap after
Heap after GC invocations=23 (full 8):
 PSYoungGen      total 226816K, used 139033K [0x00000000d5580000, 0x00000000e7b80000, 0x0000000100000000)
  eden space 205824K, 67% used [0x00000000d5580000,0x00000000ddd46788,0x00000000e1e80000)
  from space 20992K, 0% used [0x00000000e1e80000,0x00000000e1e80000,0x00000000e3300000)
  to   space 23040K, 0% used [0x00000000e6500000,0x00000000e6500000,0x00000000e7b80000)
 ParOldGen       total 120832K, used 106743K [0x0000000080000000, 0x0000000087600000, 0x00000000d5580000)
  object space 120832K, 88% used [0x0000000080000000,0x000000008683dca0,0x0000000087600000)
 Metaspace       used 74891K, capacity 77562K, committed 78936K, reserved 1118208K
  class space    used 9774K, capacity 10272K, committed 10624K, reserved 1048576K
}

Deoptimization events (10 events):
Event: 40.475 Thread 0x000000001b598800 Uncommon trap: reason=unstable_if action=reinterpret pc=0x0000000004525b68 method=com.sun.org.apache.xerces.internal.dom.ElementImpl.getTagName()Ljava/lang/String; @ 4
Event: 41.776 Thread 0x000000001ba12800 Uncommon trap: reason=unstable_if action=reinterpret pc=0x00000000030a8ff4 method=java.lang.ref.SoftReference.get()Ljava/lang/Object; @ 6
Event: 41.776 Thread 0x000000001ba12800 Uncommon trap: reason=unstable_if action=reinterpret pc=0x0000000003fe5d68 method=java.util.concurrent.ConcurrentHashMap.replaceNode(Ljava/lang/Object;Ljava/lang/Object;Ljava/lang/Object;)Ljava/lang/Object; @ 136
Event: 41.777 Thread 0x000000001ba12800 Uncommon trap: reason=unstable_if action=reinterpret pc=0x0000000003123eac method=java.lang.ref.SoftReference.get()Ljava/lang/Object; @ 6
Event: 41.802 Thread 0x000000001ba15800 Uncommon trap: reason=unstable_if action=reinterpret pc=0x0000000004207790 method=com.sun.imageio.plugins.png.IDATOutputStream.deflate()V @ 28
Event: 41.824 Thread 0x000000001ba12800 Uncommon trap: reason=unstable_if action=reinterpret pc=0x00000000038955b8 method=java.lang.ref.SoftReference.get()Ljava/lang/Object; @ 6
Event: 41.826 Thread 0x000000001ba12800 Uncommon trap: reason=unstable_if action=reinterpret pc=0x00000000035aab0c method=java.lang.ref.SoftReference.get()Ljava/lang/Object; @ 6
Event: 41.865 Thread 0x000000001ba12800 Uncommon trap: reason=unstable_if action=reinterpret pc=0x000000000454c53c method=java.awt.ColorPaintContext.getRaster(IIII)Ljava/awt/image/Raster; @ 8
Event: 41.909 Thread 0x000000001b598800 Uncommon trap: reason=unstable_if action=reinterpret pc=0x00000000045b32d4 method=sun.nio.cs.UTF_8$Encoder.encodeArrayLoop(Ljava/nio/CharBuffer;Ljava/nio/ByteBuffer;)Ljava/nio/charset/CoderResult; @ 400
Event: 41.963 Thread 0x000000001ba12800 Uncommon trap: reason=bimorphic action=maybe_recompile pc=0x00000000037d5f40 method=java.util.Hashtable.addEntry(ILjava/lang/Object;Ljava/lang/Object;I)V @ 38

Classes redefined (0 events):
No events

Internal exceptions (10 events):
Event: 41.820 Thread 0x000000001ba12800 Exception <a 'java/lang/NoSuchMethodError': <clinit>> (0x00000000ddf18e68) thrown at [C:\src\AOSP-openjdk-git\hotspot\src\share\vm\prims\jni.cpp, line 1615]
Event: 41.821 Thread 0x000000001ba12800 Exception <a 'java/lang/NoSuchMethodError': <clinit>> (0x00000000ddf2a0b0) thrown at [C:\src\AOSP-openjdk-git\hotspot\src\share\vm\prims\jni.cpp, line 1615]
Event: 41.821 Thread 0x000000001ba12800 Exception <a 'java/lang/NoSuchMethodError': <clinit>> (0x00000000de146560) thrown at [C:\src\AOSP-openjdk-git\hotspot\src\share\vm\prims\jni.cpp, line 1615]
Event: 41.822 Thread 0x000000001ba12800 Exception <a 'java/lang/NoSuchMethodError': <clinit>> (0x00000000de156998) thrown at [C:\src\AOSP-openjdk-git\hotspot\src\share\vm\prims\jni.cpp, line 1615]
Event: 41.822 Thread 0x000000001ba12800 Exception <a 'java/lang/NoSuchMethodError': <clinit>> (0x00000000de169228) thrown at [C:\src\AOSP-openjdk-git\hotspot\src\share\vm\prims\jni.cpp, line 1615]
Event: 41.824 Thread 0x000000001ba12800 Exception <a 'java/lang/NoSuchMethodError': <clinit>> (0x00000000de188048) thrown at [C:\src\AOSP-openjdk-git\hotspot\src\share\vm\prims\jni.cpp, line 1615]
Event: 41.824 Thread 0x000000001ba12800 Implicit null exception at 0x0000000003894dc1 to 0x0000000003895599
Event: 41.826 Thread 0x000000001ba12800 Exception <a 'java/lang/NoSuchMethodError': <clinit>> (0x00000000de19c968) thrown at [C:\src\AOSP-openjdk-git\hotspot\src\share\vm\prims\jni.cpp, line 1615]
Event: 41.826 Thread 0x000000001ba12800 Implicit null exception at 0x00000000035aa8dd to 0x00000000035aaaf1
Event: 41.864 Thread 0x000000001ba12800 Implicit null exception at 0x000000000454c36a to 0x000000000454c529

Events (10 events):
Event: 41.909 Thread 0x000000001b598800 Uncommon trap: trap_request=0xffffff65 fr.pc=0x00000000045b32d4
Event: 41.909 Thread 0x000000001b598800 DEOPT PACKING pc=0x00000000045b32d4 sp=0x000000002ca4ae90
Event: 41.909 Thread 0x000000001b598800 DEOPT UNPACKING pc=0x000000000298557b sp=0x000000002ca4ae00 mode 2
Event: 41.963 Thread 0x000000001ba12800 Uncommon trap: trap_request=0xffffffc6 fr.pc=0x00000000037d5f40
Event: 41.963 Thread 0x000000001ba12800 DEOPT PACKING pc=0x00000000037d5f40 sp=0x000000002d04cd30
Event: 41.963 Thread 0x000000001ba12800 DEOPT UNPACKING pc=0x000000000298557b sp=0x000000002d04cc78 mode 2
Event: 42.266 Thread 0x000000001b598800 DEOPT PACKING pc=0x00000000043e2b0f sp=0x000000002ca4ad90
Event: 42.266 Thread 0x000000001b598800 DEOPT UNPACKING pc=0x00000000029875d0 sp=0x000000002ca4ab80 mode 0
Event: 42.409 Thread 0x000000001b598800 DEOPT PACKING pc=0x00000000043e2b0f sp=0x000000002ca4ad90
Event: 42.409 Thread 0x000000001b598800 DEOPT UNPACKING pc=0x00000000029875d0 sp=0x000000002ca4ab80 mode 0


Dynamic libraries:
0x00007ff77ab10000 - 0x00007ff77ab41000 	C:\Program Files\Android\Android Studio\jre\bin\java.exe
0x00007ffe30a10000 - 0x00007ffe30c05000 	C:\Windows\SYSTEM32\ntdll.dll
0x00007ffe30360000 - 0x00007ffe3041e000 	C:\Windows\System32\KERNEL32.DLL
0x00007ffe2e500000 - 0x00007ffe2e7c8000 	C:\Windows\System32\KERNELBASE.dll
0x00007ffe2fa50000 - 0x00007ffe2fafe000 	C:\Windows\System32\ADVAPI32.dll
0x00007ffe2ea70000 - 0x00007ffe2eb0e000 	C:\Windows\System32\msvcrt.dll
0x00007ffe2eb10000 - 0x00007ffe2ebac000 	C:\Windows\System32\sechost.dll
0x00007ffe2fd00000 - 0x00007ffe2fe25000 	C:\Windows\System32\RPCRT4.dll
0x00007ffe2ecf0000 - 0x00007ffe2ee90000 	C:\Windows\System32\USER32.dll
0x00007ffe2e440000 - 0x00007ffe2e462000 	C:\Windows\System32\win32u.dll
0x00007ffe2fa20000 - 0x00007ffe2fa4b000 	C:\Windows\System32\GDI32.dll
0x00007ffe2e330000 - 0x00007ffe2e43d000 	C:\Windows\System32\gdi32full.dll
0x00007ffe2e120000 - 0x00007ffe2e1bd000 	C:\Windows\System32\msvcp_win.dll
0x00007ffe2e960000 - 0x00007ffe2ea60000 	C:\Windows\System32\ucrtbase.dll
0x00007ffe1d6e0000 - 0x00007ffe1d97a000 	C:\Windows\WinSxS\amd64_microsoft.windows.common-controls_6595b64144ccf1df_6.0.19041.1110_none_60b5254171f9507e\COMCTL32.dll
0x00007ffe2ebb0000 - 0x00007ffe2ebe0000 	C:\Windows\System32\IMM32.DLL
0x0000000065d10000 - 0x0000000065de2000 	C:\Program Files\Android\Android Studio\jre\jre\bin\msvcr100.dll
0x0000000065ed0000 - 0x000000006671b000 	C:\Program Files\Android\Android Studio\jre\jre\bin\server\jvm.dll
0x00007ffe30420000 - 0x00007ffe30428000 	C:\Windows\System32\PSAPI.DLL
0x00007ffe1d170000 - 0x00007ffe1d179000 	C:\Windows\SYSTEM32\WSOCK32.dll
0x00007ffe1d450000 - 0x00007ffe1d477000 	C:\Windows\SYSTEM32\WINMM.dll
0x00007ffe27b10000 - 0x00007ffe27b1a000 	C:\Windows\SYSTEM32\VERSION.dll
0x00007ffe2fc80000 - 0x00007ffe2fceb000 	C:\Windows\System32\ws2_32.DLL
0x00007ffe28af0000 - 0x00007ffe28aff000 	C:\Program Files\Android\Android Studio\jre\jre\bin\verify.dll
0x00007ffe28ac0000 - 0x00007ffe28ae9000 	C:\Program Files\Android\Android Studio\jre\jre\bin\java.dll
0x00007ffe28a70000 - 0x00007ffe28a86000 	C:\Program Files\Android\Android Studio\jre\jre\bin\zip.dll
0x00007ffe2f250000 - 0x00007ffe2f994000 	C:\Windows\System32\SHELL32.dll
0x00007ffe2be40000 - 0x00007ffe2c5d4000 	C:\Windows\SYSTEM32\windows.storage.dll
0x00007ffe30490000 - 0x00007ffe307e5000 	C:\Windows\System32\combase.dll
0x00007ffe2db70000 - 0x00007ffe2db9e000 	C:\Windows\SYSTEM32\Wldp.dll
0x00007ffe30920000 - 0x00007ffe309cd000 	C:\Windows\System32\SHCORE.dll
0x00007ffe2ec00000 - 0x00007ffe2ec55000 	C:\Windows\System32\shlwapi.dll
0x00007ffe2e060000 - 0x00007ffe2e07f000 	C:\Windows\SYSTEM32\profapi.dll
0x00007ffe28580000 - 0x00007ffe2859a000 	C:\Program Files\Android\Android Studio\jre\jre\bin\net.dll
0x00007ffe2d8d0000 - 0x00007ffe2d93a000 	C:\Windows\system32\mswsock.dll
0x00007ffe28240000 - 0x00007ffe28253000 	C:\Program Files\Android\Android Studio\jre\jre\bin\nio.dll
0x00007ffe282f0000 - 0x00007ffe28317000 	C:\Users\METRO\.gradle\native\f6784746aeab05261644944871eae4fe03e0ef1612fff0a4a95f87b438bc6780\windows-amd64\native-platform.dll
0x00007ffe28ab0000 - 0x00007ffe28abd000 	C:\Program Files\Android\Android Studio\jre\jre\bin\management.dll
0x00007ffe2dac0000 - 0x00007ffe2dad8000 	C:\Windows\SYSTEM32\CRYPTSP.dll
0x00007ffe2d1e0000 - 0x00007ffe2d214000 	C:\Windows\system32\rsaenh.dll
0x00007ffe2e7d0000 - 0x00007ffe2e7f7000 	C:\Windows\System32\bcrypt.dll
0x00007ffe2e020000 - 0x00007ffe2e04e000 	C:\Windows\SYSTEM32\USERENV.dll
0x00007ffe2e470000 - 0x00007ffe2e4f2000 	C:\Windows\System32\bcryptprimitives.dll
0x00007ffe2dae0000 - 0x00007ffe2daec000 	C:\Windows\SYSTEM32\CRYPTBASE.dll
0x00007ffe2d570000 - 0x00007ffe2d5ab000 	C:\Windows\SYSTEM32\IPHLPAPI.DLL
0x00007ffe2ea60000 - 0x00007ffe2ea68000 	C:\Windows\System32\NSI.dll
0x00007ffe25b90000 - 0x00007ffe25ba7000 	C:\Windows\SYSTEM32\dhcpcsvc6.DLL
0x00007ffe25b70000 - 0x00007ffe25b8d000 	C:\Windows\SYSTEM32\dhcpcsvc.DLL
0x00007ffe2d5c0000 - 0x00007ffe2d68b000 	C:\Windows\SYSTEM32\DNSAPI.dll
0x00007ffe27b20000 - 0x00007ffe27b2b000 	C:\Windows\SYSTEM32\WINNSI.DLL
0x00007ffdb7bd0000 - 0x00007ffdb7d6c000 	C:\Program Files\Android\Android Studio\jre\jre\bin\awt.dll
0x00007ffe307f0000 - 0x00007ffe308bd000 	C:\Windows\System32\OLEAUT32.dll
0x00007ffe2b970000 - 0x00007ffe2b99f000 	C:\Windows\SYSTEM32\dwmapi.dll
0x00007ffe29ba0000 - 0x00007ffe2a160000 	C:\Windows\SYSTEM32\d2d1.dll
0x00007ffe2b340000 - 0x00007ffe2b3d0000 	C:\Windows\SYSTEM32\apphelp.dll
0x00007ffe2b730000 - 0x00007ffe2b7ce000 	C:\Windows\system32\uxtheme.dll

VM Arguments:
jvm_args: -Xmx2048m -Dfile.encoding=UTF-8 -Duser.country=US -Duser.language=en -Duser.variant 
java_command: org.gradle.launcher.daemon.bootstrap.GradleDaemon 6.5
java_class_path (initial): C:\Users\METRO\.gradle\wrapper\dists\gradle-6.5-bin\6nifqtx7604sqp1q6g8wikw7p\gradle-6.5\lib\gradle-launcher-6.5.jar
Launcher Type: SUN_STANDARD

Environment Variables:
PATH=C:\Program Files\Java\jdk-15.0.2\bin;C:\Program Files\Java\jdk1.8.0_112\bin;C:\Program Files\Common Files\Oracle\Java\javapath;C:\Program Files (x86)\Common Files\Oracle\Java\javapath;C:\Windows\system32;C:\Windows;C:\Windows\System32\Wbem;C:\Windows\System32\WindowsPowerShell\v1.0\;C:\Windows\System32\OpenSSH\;C:\Program Files (x86)\QT Lite\QTSystem;C:\Program Files (x86)\Intel\Intel(R) Management Engine Components\DAL;C:\Program Files\Intel\Intel(R) Management Engine Components\DAL;C:\TDM-GCC-64\bin;C:\Program Files (x86)\dotnet\;C:\Program Files\Git\cmd;C:\Users\METRO\AppData\Local\Programs\Python\Python39\Scripts\;C:\Users\METRO\AppData\Local\Programs\Python\Python39\;C:\Users\METRO\AppData\Local\Microsoft\WindowsApps;C:\Users\METRO\AppData\Local\GitHubDesktop\bin;C:\Users\METRO\AppData\Local\Programs\Microsoft VS Code\bin
USERNAME=METRO
OS=Windows_NT
PROCESSOR_IDENTIFIER=Intel64 Family 6 Model 142 Stepping 9, GenuineIntel



---------------  S Y S T E M  ---------------

OS: Windows 10.0 , 64 bit Build 19041 (10.0.19041.1503)

CPU:total 4 (initial active 4) (2 cores per cpu, 2 threads per core) family 6 model 142 stepping 9, cmov, cx8, fxsr, mmx, sse, sse2, sse3, ssse3, sse4.1, sse4.2, popcnt, avx, avx2, aes, clmul, erms, 3dnowpref, lzcnt, ht, tsc, tscinvbit, bmi1, bmi2, adx

Memory: 4k page, physical 8249220k(321172k free), swap 33415044k(6176k free)

vm_info: OpenJDK 64-Bit Server VM (25.242-b01) for windows-amd64 JRE (1.8.0_242-release-1644-b01), built by "builder" with MS VC++ 10.0 (VS2010)

time: Thu Apr 07 13:13:59 2022
timezone: Egypt Standard Time
elapsed time: 42 seconds (0d 0h 0m 42s)

