#
# There is insufficient memory for the Java Runtime Environment to continue.
# Native memory allocation (malloc) failed to allocate 1568176 bytes for Chunk::new
# Possible reasons:
#   The system is out of physical RAM or swap space
#   The process is running with CompressedOops enabled, and the Java Heap may be blocking the growth of the native heap
# Possible solutions:
#   Reduce memory load on the system
#   Increase physical memory or swap space
#   Check if swap backing store is full
#   Decrease Java heap size (-Xmx/-Xms)
#   Decrease number of Java threads
#   Decrease Java thread stack sizes (-Xss)
#   Set larger code cache with -XX:ReservedCodeCacheSize=
#   JVM is running with Unscaled Compressed Oops mode in which the Java heap is
#     placed in the first 4GB address space. The Java Heap base address is the
#     maximum limit for the native heap growth. Please use -XX:HeapBaseMinAddress
#     to set the Java Heap base and to place the Java Heap above 4GB virtual address.
# This output file may be truncated or incomplete.
#
#  Out of Memory Error (allocation.cpp:389), pid=17108, tid=0x0000000000004f40
#
# JRE version: OpenJDK Runtime Environment (8.0_242-b01) (build 1.8.0_242-release-1644-b01)
# Java VM: OpenJDK 64-Bit Server VM (25.242-b01 mixed mode windows-amd64 compressed oops)
# Failed to write core dump. Minidumps are not enabled by default on client versions of Windows
#

---------------  T H R E A D  ---------------

Current thread (0x0000000017ebb800):  JavaThread "C2 CompilerThread1" daemon [_thread_in_native, id=20288, stack(0x0000000019600000,0x0000000019700000)]

Stack: [0x0000000019600000,0x0000000019700000]
[error occurred during error reporting (printing stack bounds), id 0xc0000005]

Native frames: (J=compiled Java code, j=interpreted, Vv=VM code, C=native code)


Current CompileTask:
C2:  37693 11131 %     4       com.android.tools.r8.dex.n::a @ 312 (910 bytes)


---------------  P R O C E S S  ---------------

Java Threads: ( => current thread )
  0x000000001aee6000 JavaThread "ForkJoinPool-1-worker-0" daemon [_thread_blocked, id=21380, stack(0x000000002e600000,0x000000002e700000)]
  0x000000001aee5000 JavaThread "ForkJoinPool-1-worker-3" daemon [_thread_blocked, id=3656, stack(0x000000002e500000,0x000000002e600000)]
  0x000000001aee3800 JavaThread "ForkJoinPool-1-worker-2" daemon [_thread_blocked, id=21372, stack(0x000000002e400000,0x000000002e500000)]
  0x000000001aee4800 JavaThread "ForkJoinPool-1-worker-1" daemon [_thread_blocked, id=17972, stack(0x0000000001480000,0x0000000001580000)]
  0x0000000020932000 JavaThread "WorkerExecutor Queue Thread 2" [_thread_in_Java, id=20428, stack(0x000000002d7a0000,0x000000002d8a0000)]
  0x0000000020936000 JavaThread "WorkerExecutor Queue" [_thread_in_Java, id=18384, stack(0x000000002d8f0000,0x000000002d9f0000)]
  0x0000000020930800 JavaThread "Cache worker for execution history cache (D:\Kotlin\ForcastApp\.gradle\6.5\executionHistory)" [_thread_blocked, id=1100, stack(0x000000002ce50000,0x000000002cf50000)]
  0x0000000020934800 JavaThread "Execution worker for ':' Thread 3" [_thread_blocked, id=17540, stack(0x000000002cd50000,0x000000002ce50000)]
  0x0000000020930000 JavaThread "Execution worker for ':' Thread 2" [_thread_blocked, id=19176, stack(0x000000002cc50000,0x000000002cd50000)]
  0x000000001aa0f000 JavaThread "Execution worker for ':'" [_thread_blocked, id=20084, stack(0x000000002b730000,0x000000002b830000)]
  0x000000001aa0d800 JavaThread "Cache worker for file content cache (D:\Kotlin\ForcastApp\.gradle\6.5\fileContent)" [_thread_blocked, id=21164, stack(0x000000002b980000,0x000000002ba80000)]
  0x000000001aa0e000 JavaThread "Memory manager" [_thread_blocked, id=21160, stack(0x000000002b880000,0x000000002b980000)]
  0x000000001aa0c800 JavaThread "pool-1-thread-1" [_thread_blocked, id=20448, stack(0x000000002a430000,0x000000002a530000)]
  0x000000001aa0c000 JavaThread "Cache worker for Build Output Cleanup Cache (D:\Kotlin\ForcastApp\.gradle\buildOutputCleanup)" [_thread_blocked, id=17596, stack(0x000000002a230000,0x000000002a330000)]
  0x000000001aa0b000 JavaThread "jar transforms Thread 114" [_thread_blocked, id=19592, stack(0x0000000029d30000,0x0000000029e30000)]
  0x000000001aa03800 JavaThread "jar transforms Thread 113" [_thread_blocked, id=15976, stack(0x0000000029c30000,0x0000000029d30000)]
  0x000000001aa0a800 JavaThread "jar transforms Thread 112" [_thread_blocked, id=20372, stack(0x0000000029b30000,0x0000000029c30000)]
  0x000000001aa03000 JavaThread "jar transforms Thread 111" [_thread_blocked, id=14288, stack(0x0000000029a30000,0x0000000029b30000)]
  0x000000001aa09800 JavaThread "jar transforms Thread 110" [_thread_blocked, id=18716, stack(0x0000000029930000,0x0000000029a30000)]
  0x000000001aa09000 JavaThread "jar transforms Thread 109" [_thread_blocked, id=19208, stack(0x0000000029830000,0x0000000029930000)]
  0x000000001aa02000 JavaThread "jar transforms Thread 108" [_thread_blocked, id=20492, stack(0x0000000029730000,0x0000000029830000)]
  0x000000001aa01800 JavaThread "jar transforms Thread 107" [_thread_blocked, id=20672, stack(0x0000000029630000,0x0000000029730000)]
  0x000000001aa06000 JavaThread "jar transforms Thread 106" [_thread_blocked, id=20196, stack(0x0000000029530000,0x0000000029630000)]
  0x000000001aa04800 JavaThread "jar transforms Thread 105" [_thread_blocked, id=20180, stack(0x0000000029430000,0x0000000029530000)]
  0x000000001aa08000 JavaThread "jar transforms Thread 104" [_thread_blocked, id=20208, stack(0x0000000029330000,0x0000000029430000)]
  0x000000001aa06800 JavaThread "jar transforms Thread 103" [_thread_blocked, id=8756, stack(0x0000000029230000,0x0000000029330000)]
  0x000000001aa05000 JavaThread "jar transforms Thread 102" [_thread_blocked, id=17508, stack(0x0000000029130000,0x0000000029230000)]
  0x000000001aa00800 JavaThread "jar transforms Thread 101" [_thread_blocked, id=7064, stack(0x0000000029030000,0x0000000029130000)]
  0x000000001aa07800 JavaThread "jar transforms Thread 100" [_thread_blocked, id=19924, stack(0x0000000028f30000,0x0000000029030000)]
  0x000000001aa00000 JavaThread "jar transforms Thread 99" [_thread_blocked, id=19488, stack(0x0000000028e30000,0x0000000028f30000)]
  0x000000001e5b4800 JavaThread "jar transforms Thread 98" [_thread_blocked, id=15424, stack(0x0000000028d30000,0x0000000028e30000)]
  0x000000001e5b3800 JavaThread "jar transforms Thread 97" [_thread_blocked, id=20168, stack(0x0000000028c30000,0x0000000028d30000)]
  0x000000001e5b7800 JavaThread "jar transforms Thread 96" [_thread_blocked, id=5564, stack(0x0000000028b30000,0x0000000028c30000)]
  0x000000001e5b5000 JavaThread "jar transforms Thread 95" [_thread_blocked, id=17548, stack(0x0000000028a30000,0x0000000028b30000)]
  0x000000001e5b6800 JavaThread "jar transforms Thread 94" [_thread_blocked, id=17944, stack(0x0000000028930000,0x0000000028a30000)]
  0x000000001e5b2000 JavaThread "jar transforms Thread 93" [_thread_blocked, id=20660, stack(0x0000000028830000,0x0000000028930000)]
  0x000000001e5b0000 JavaThread "jar transforms Thread 92" [_thread_blocked, id=20652, stack(0x0000000028730000,0x0000000028830000)]
  0x000000001e5b1800 JavaThread "jar transforms Thread 91" [_thread_blocked, id=20624, stack(0x0000000028630000,0x0000000028730000)]
  0x000000001e5b6000 JavaThread "jar transforms Thread 90" [_thread_blocked, id=20648, stack(0x0000000028530000,0x0000000028630000)]
  0x000000001e5b3000 JavaThread "jar transforms Thread 89" [_thread_blocked, id=20612, stack(0x0000000028430000,0x0000000028530000)]
  0x000000001e5b0800 JavaThread "jar transforms Thread 88" [_thread_blocked, id=20616, stack(0x0000000028330000,0x0000000028430000)]
  0x000000001e5a8800 JavaThread "jar transforms Thread 87" [_thread_blocked, id=20620, stack(0x0000000028230000,0x0000000028330000)]
  0x000000001e5af000 JavaThread "jar transforms Thread 86" [_thread_blocked, id=20608, stack(0x0000000028130000,0x0000000028230000)]
  0x000000001e5a9000 JavaThread "jar transforms Thread 85" [_thread_blocked, id=17824, stack(0x0000000028030000,0x0000000028130000)]
  0x000000001e5ad800 JavaThread "jar transforms Thread 84" [_thread_blocked, id=20460, stack(0x0000000027f30000,0x0000000028030000)]
  0x000000001e5ac000 JavaThread "jar transforms Thread 83" [_thread_blocked, id=10040, stack(0x0000000027e30000,0x0000000027f30000)]
  0x000000001e5aa000 JavaThread "jar transforms Thread 82" [_thread_blocked, id=20464, stack(0x0000000027d30000,0x0000000027e30000)]
  0x000000001e5ab800 JavaThread "jar transforms Thread 81" [_thread_blocked, id=16524, stack(0x0000000027c30000,0x0000000027d30000)]
  0x000000001e5ad000 JavaThread "jar transforms Thread 80" [_thread_blocked, id=20456, stack(0x0000000027b30000,0x0000000027c30000)]
  0x000000001e5aa800 JavaThread "jar transforms Thread 79" [_thread_blocked, id=19512, stack(0x0000000027a30000,0x0000000027b30000)]
  0x000000001e5ae800 JavaThread "jar transforms Thread 78" [_thread_blocked, id=20328, stack(0x0000000027930000,0x0000000027a30000)]
  0x000000001f415000 JavaThread "jar transforms Thread 77" [_thread_blocked, id=20468, stack(0x0000000027830000,0x0000000027930000)]
  0x000000001f414000 JavaThread "jar transforms Thread 76" [_thread_blocked, id=20320, stack(0x0000000027730000,0x0000000027830000)]
  0x000000001f415800 JavaThread "jar transforms Thread 75" [_thread_blocked, id=20312, stack(0x0000000027630000,0x0000000027730000)]
  0x000000001f410800 JavaThread "jar transforms Thread 74" [_thread_blocked, id=19852, stack(0x0000000027530000,0x0000000027630000)]
  0x000000001f413800 JavaThread "jar transforms Thread 73" [_thread_blocked, id=20316, stack(0x0000000027430000,0x0000000027530000)]
  0x000000001f412000 JavaThread "jar transforms Thread 72" [_thread_blocked, id=19336, stack(0x0000000027330000,0x0000000027430000)]
  0x000000001f40f800 JavaThread "jar transforms Thread 71" [_thread_blocked, id=18596, stack(0x0000000027230000,0x0000000027330000)]
  0x000000001f412800 JavaThread "jar transforms Thread 70" [_thread_blocked, id=19604, stack(0x0000000027130000,0x0000000027230000)]
  0x000000001f40a800 JavaThread "jar transforms Thread 69" [_thread_blocked, id=1972, stack(0x0000000027030000,0x0000000027130000)]
  0x000000001f40f000 JavaThread "jar transforms Thread 68" [_thread_blocked, id=7404, stack(0x0000000026f30000,0x0000000027030000)]
  0x000000001f411000 JavaThread "jar transforms Thread 67" [_thread_blocked, id=18580, stack(0x0000000026e30000,0x0000000026f30000)]
  0x000000001f407800 JavaThread "jar transforms Thread 66" [_thread_blocked, id=19352, stack(0x0000000026d30000,0x0000000026e30000)]
  0x000000001f40e000 JavaThread "jar transforms Thread 65" [_thread_blocked, id=19992, stack(0x0000000026c30000,0x0000000026d30000)]
  0x000000001f406800 JavaThread "jar transforms Thread 64" [_thread_blocked, id=20308, stack(0x0000000026b30000,0x0000000026c30000)]
  0x000000001f40c000 JavaThread "jar transforms Thread 63" [_thread_blocked, id=19596, stack(0x0000000026a30000,0x0000000026b30000)]
  0x000000001f409000 JavaThread "jar transforms Thread 62" [_thread_blocked, id=10224, stack(0x0000000026930000,0x0000000026a30000)]
  0x000000001f409800 JavaThread "jar transforms Thread 61" [_thread_blocked, id=15212, stack(0x0000000026830000,0x0000000026930000)]
  0x000000001f40b000 JavaThread "jar transforms Thread 60" [_thread_blocked, id=16236, stack(0x0000000026730000,0x0000000026830000)]
  0x000000001f40c800 JavaThread "jar transforms Thread 59" [_thread_blocked, id=20484, stack(0x0000000026630000,0x0000000026730000)]
  0x000000001f408000 JavaThread "jar transforms Thread 58" [_thread_blocked, id=20028, stack(0x0000000026530000,0x0000000026630000)]
  0x000000001f40d800 JavaThread "jar transforms Thread 57" [_thread_blocked, id=20488, stack(0x0000000026430000,0x0000000026530000)]
  0x000000001ada1000 JavaThread "jar transforms Thread 56" [_thread_blocked, id=17840, stack(0x0000000026330000,0x0000000026430000)]
  0x000000001ada5000 JavaThread "jar transforms Thread 55" [_thread_blocked, id=20496, stack(0x0000000026230000,0x0000000026330000)]
  0x000000001ada4000 JavaThread "jar transforms Thread 54" [_thread_blocked, id=20524, stack(0x0000000026130000,0x0000000026230000)]
  0x000000001ada0800 JavaThread "jar transforms Thread 53" [_thread_blocked, id=20516, stack(0x0000000026030000,0x0000000026130000)]
  0x000000001ada3800 JavaThread "jar transforms Thread 52" [_thread_blocked, id=20532, stack(0x0000000025f30000,0x0000000026030000)]
  0x000000001ada5800 JavaThread "jar transforms Thread 51" [_thread_blocked, id=20536, stack(0x0000000025e30000,0x0000000025f30000)]
  0x000000001ada2800 JavaThread "jar transforms Thread 50" [_thread_blocked, id=20528, stack(0x0000000025d30000,0x0000000025e30000)]
  0x000000001ada2000 JavaThread "jar transforms Thread 49" [_thread_blocked, id=20544, stack(0x0000000025c30000,0x0000000025d30000)]
  0x000000001ada6800 JavaThread "jar transforms Thread 48" [_thread_blocked, id=20552, stack(0x0000000025b30000,0x0000000025c30000)]
  0x000000001ad99000 JavaThread "jar transforms Thread 47" [_thread_blocked, id=20556, stack(0x0000000025a30000,0x0000000025b30000)]
  0x000000001ad9f800 JavaThread "jar transforms Thread 46" [_thread_blocked, id=20564, stack(0x0000000025930000,0x0000000025a30000)]
  0x000000001ad9f000 JavaThread "jar transforms Thread 45" [_thread_blocked, id=20560, stack(0x0000000025830000,0x0000000025930000)]
  0x000000001ad98000 JavaThread "jar transforms Thread 44" [_thread_blocked, id=20548, stack(0x0000000025730000,0x0000000025830000)]
  0x000000001ad9a800 JavaThread "jar transforms Thread 43" [_thread_blocked, id=20584, stack(0x0000000025630000,0x0000000025730000)]
  0x000000001ad97800 JavaThread "jar transforms Thread 42" [_thread_blocked, id=20592, stack(0x0000000025530000,0x0000000025630000)]
  0x000000001ad9e000 JavaThread "jar transforms Thread 41" [_thread_blocked, id=20576, stack(0x0000000025430000,0x0000000025530000)]
  0x000000001ad9d800 JavaThread "jar transforms Thread 40" [_thread_blocked, id=20588, stack(0x0000000025330000,0x0000000025430000)]
  0x000000001ad9c800 JavaThread "jar transforms Thread 39" [_thread_blocked, id=20632, stack(0x0000000025230000,0x0000000025330000)]
  0x000000001ad99800 JavaThread "jar transforms Thread 38" [_thread_blocked, id=20600, stack(0x0000000025130000,0x0000000025230000)]
  0x000000001ad9b000 JavaThread "jar transforms Thread 37" [_thread_blocked, id=20596, stack(0x0000000025030000,0x0000000025130000)]
  0x000000001ad9c000 JavaThread "jar transforms Thread 36" [_thread_blocked, id=20644, stack(0x0000000024f30000,0x0000000025030000)]
  0x000000001f29a800 JavaThread "jar transforms Thread 35" [_thread_blocked, id=20604, stack(0x0000000024e30000,0x0000000024f30000)]
  0x000000001f29f800 JavaThread "jar transforms Thread 34" [_thread_blocked, id=20636, stack(0x0000000024d30000,0x0000000024e30000)]
  0x000000001f29e800 JavaThread "jar transforms Thread 33" [_thread_blocked, id=20628, stack(0x0000000024c30000,0x0000000024d30000)]
  0x000000001f29c000 JavaThread "jar transforms Thread 32" [_thread_blocked, id=20640, stack(0x0000000024b30000,0x0000000024c30000)]
  0x000000001f29d800 JavaThread "jar transforms Thread 31" [_thread_blocked, id=20676, stack(0x0000000024a30000,0x0000000024b30000)]
  0x000000001f29d000 JavaThread "jar transforms Thread 30" [_thread_blocked, id=20664, stack(0x0000000024930000,0x0000000024a30000)]
  0x000000001f29b800 JavaThread "jar transforms Thread 29" [_thread_blocked, id=20228, stack(0x0000000024830000,0x0000000024930000)]
  0x000000001f29a000 JavaThread "jar transforms Thread 28" [_thread_blocked, id=2212, stack(0x0000000024730000,0x0000000024830000)]
  0x000000001f292800 JavaThread "jar transforms Thread 27" [_thread_blocked, id=20656, stack(0x0000000024630000,0x0000000024730000)]
  0x000000001f299000 JavaThread "jar transforms Thread 26" [_thread_blocked, id=17552, stack(0x0000000024530000,0x0000000024630000)]
  0x000000001f298800 JavaThread "jar transforms Thread 25" [_thread_blocked, id=10128, stack(0x0000000024430000,0x0000000024530000)]
  0x000000001f291000 JavaThread "jar transforms Thread 24" [_thread_blocked, id=20024, stack(0x0000000024330000,0x0000000024430000)]
  0x000000001f297800 JavaThread "jar transforms Thread 23" [_thread_blocked, id=13008, stack(0x0000000024230000,0x0000000024330000)]
  0x000000001f293000 JavaThread "jar transforms Thread 22" [_thread_blocked, id=17936, stack(0x0000000024130000,0x0000000024230000)]
  0x000000001f296000 JavaThread "jar transforms Thread 21" [_thread_blocked, id=17264, stack(0x0000000024030000,0x0000000024130000)]
  0x000000001f290000 JavaThread "jar transforms Thread 20" [_thread_blocked, id=13520, stack(0x0000000023f30000,0x0000000024030000)]
  0x000000001f295800 JavaThread "jar transforms Thread 19" [_thread_blocked, id=18700, stack(0x0000000023e30000,0x0000000023f30000)]
  0x000000001f291800 JavaThread "jar transforms Thread 18" [_thread_blocked, id=18200, stack(0x0000000023d30000,0x0000000023e30000)]
  0x000000001f297000 JavaThread "jar transforms Thread 17" [_thread_blocked, id=2904, stack(0x0000000023c30000,0x0000000023d30000)]
  0x000000001f294800 JavaThread "jar transforms Thread 16" [_thread_blocked, id=17520, stack(0x0000000023b30000,0x0000000023c30000)]
  0x000000001f294000 JavaThread "jar transforms Thread 15" [_thread_blocked, id=18772, stack(0x0000000023a30000,0x0000000023b30000)]
  0x000000001e22b800 JavaThread "jar transforms Thread 14" [_thread_blocked, id=20220, stack(0x0000000023930000,0x0000000023a30000)]
  0x000000001e22d000 JavaThread "jar transforms Thread 13" [_thread_blocked, id=20572, stack(0x0000000023830000,0x0000000023930000)]
  0x000000001e22c800 JavaThread "jar transforms Thread 12" [_thread_blocked, id=20540, stack(0x0000000023730000,0x0000000023830000)]
  0x000000001e22b000 JavaThread "jar transforms Thread 11" [_thread_blocked, id=20568, stack(0x0000000023630000,0x0000000023730000)]
  0x000000001e231800 JavaThread "jar transforms Thread 10" [_thread_blocked, id=20520, stack(0x0000000023430000,0x0000000023530000)]
  0x000000001e230000 JavaThread "jar transforms Thread 9" [_thread_blocked, id=20580, stack(0x0000000023330000,0x0000000023430000)]
  0x000000001e22e000 JavaThread "jar transforms Thread 8" [_thread_blocked, id=20500, stack(0x0000000023230000,0x0000000023330000)]
  0x000000001e22f800 JavaThread "jar transforms Thread 7" [_thread_blocked, id=20504, stack(0x0000000023130000,0x0000000023230000)]
  0x000000001e231000 JavaThread "jar transforms Thread 6" [_thread_blocked, id=20512, stack(0x0000000023030000,0x0000000023130000)]
  0x000000001e22e800 JavaThread "jar transforms Thread 5" [_thread_blocked, id=20508, stack(0x0000000022f30000,0x0000000023030000)]
  0x000000001e223800 JavaThread "jar transforms Thread 4" [_thread_blocked, id=20668, stack(0x0000000022e30000,0x0000000022f30000)]
  0x000000001e22a000 JavaThread "jar transforms Thread 3" [_thread_blocked, id=18360, stack(0x0000000022d30000,0x0000000022e30000)]
  0x000000001e228000 JavaThread "jar transforms Thread 2" [_thread_blocked, id=1468, stack(0x0000000022c30000,0x0000000022d30000)]
  0x000000001e226800 JavaThread "Build operations Thread 4" [_thread_blocked, id=9784, stack(0x0000000022b30000,0x0000000022c30000)]
  0x000000001e224000 JavaThread "Build operations Thread 3" [_thread_blocked, id=18904, stack(0x0000000022a30000,0x0000000022b30000)]
  0x000000001e222800 JavaThread "Build operations Thread 2" [_thread_blocked, id=18924, stack(0x0000000022930000,0x0000000022a30000)]
  0x000000001e225000 JavaThread "Build operations" [_thread_blocked, id=19164, stack(0x0000000022830000,0x0000000022930000)]
  0x000000001bcab000 JavaThread "Cache worker for file content cache (C:\Users\METRO\.gradle\caches\6.5\fileContent)" [_thread_blocked, id=20452, stack(0x0000000022130000,0x0000000022230000)]
  0x000000001bca9800 JavaThread "jar transforms" [_thread_blocked, id=19404, stack(0x0000000022030000,0x0000000022130000)]
  0x000000001bca8800 JavaThread "Cache worker for execution history cache (C:\Users\METRO\.gradle\caches\6.5\executionHistory)" [_thread_blocked, id=20332, stack(0x0000000021930000,0x0000000021a30000)]
  0x000000001bca8000 JavaThread "Cache worker for cache directory md-rule (C:\Users\METRO\.gradle\caches\6.5\md-rule)" [_thread_blocked, id=18240, stack(0x0000000021830000,0x0000000021930000)]
  0x000000001bca5800 JavaThread "Cache worker for cache directory md-supplier (C:\Users\METRO\.gradle\caches\6.5\md-supplier)" [_thread_blocked, id=19732, stack(0x0000000021730000,0x0000000021830000)]
  0x000000001bca7000 JavaThread "Cache worker for checksums cache (D:\Kotlin\ForcastApp\.gradle\checksums)" [_thread_blocked, id=13480, stack(0x00000000203c0000,0x00000000204c0000)]
  0x000000001bca6800 JavaThread "Cache worker for file hash cache (D:\Kotlin\ForcastApp\.gradle\6.5\fileHashes)" [_thread_blocked, id=15048, stack(0x00000000200c0000,0x00000000201c0000)]
  0x000000001bcaa000 JavaThread "Cache worker for file hash cache (C:\Users\METRO\.gradle\caches\6.5\fileHashes)" [_thread_blocked, id=19252, stack(0x000000001de20000,0x000000001df20000)]
  0x000000001bca5000 JavaThread "File lock request listener" [_thread_in_native, id=21268, stack(0x000000001dd20000,0x000000001de20000)]
  0x000000001bb11800 JavaThread "Cache worker for journal cache (C:\Users\METRO\.gradle\caches\journal-1)" [_thread_blocked, id=21228, stack(0x000000001dc20000,0x000000001dd20000)]
  0x000000001bacd800 JavaThread "Thread-9" [_thread_blocked, id=19600, stack(0x000000001d920000,0x000000001da20000)]
  0x000000001b0f2000 JavaThread "Stdin handler" [_thread_blocked, id=19480, stack(0x000000001d820000,0x000000001d920000)]
  0x000000001b0f1000 JavaThread "Asynchronous log dispatcher for DefaultDaemonConnection: socket connection from /127.0.0.1:49939 to /127.0.0.1:49940" [_thread_blocked, id=21408, stack(0x000000001d720000,0x000000001d820000)]
  0x000000001a48b000 JavaThread "Daemon worker" [_thread_blocked, id=21392, stack(0x000000001d620000,0x000000001d720000)]
  0x000000001a489000 JavaThread "Cancel handler" [_thread_blocked, id=4868, stack(0x000000001d520000,0x000000001d620000)]
  0x000000001ba7f800 JavaThread "Handler for socket connection from /127.0.0.1:49939 to /127.0.0.1:49940" [_thread_in_native, id=15184, stack(0x000000001d420000,0x000000001d520000)]
  0x000000001ba7b000 JavaThread "Daemon" [_thread_blocked, id=21204, stack(0x000000001d320000,0x000000001d420000)]
  0x000000001ba85800 JavaThread "Daemon periodic checks" [_thread_blocked, id=21200, stack(0x000000001d020000,0x000000001d120000)]
  0x000000001ba1b800 JavaThread "Incoming local TCP Connector on port 49939" [_thread_in_native, id=21440, stack(0x000000001cde0000,0x000000001cee0000)]
  0x000000001b9ac800 JavaThread "Daemon health stats" [_thread_blocked, id=19932, stack(0x000000001c7a0000,0x000000001c8a0000)]
  0x0000000019873800 JavaThread "Service Thread" daemon [_thread_blocked, id=9744, stack(0x0000000019c00000,0x0000000019d00000)]
  0x0000000017ebe800 JavaThread "C1 CompilerThread2" daemon [_thread_blocked, id=2828, stack(0x0000000019700000,0x0000000019800000)]
=>0x0000000017ebb800 JavaThread "C2 CompilerThread1" daemon [_thread_in_native, id=20288, stack(0x0000000019600000,0x0000000019700000)]
  0x0000000017eb6000 JavaThread "C2 CompilerThread0" daemon [_thread_in_native, id=14600, stack(0x0000000019500000,0x0000000019600000)]
  0x0000000017eb4800 JavaThread "Attach Listener" daemon [_thread_blocked, id=20336, stack(0x0000000019400000,0x0000000019500000)]
  0x0000000017f02800 JavaThread "Signal Dispatcher" daemon [_thread_blocked, id=3456, stack(0x0000000019300000,0x0000000019400000)]
  0x000000000328b000 JavaThread "Finalizer" daemon [_thread_blocked, id=13044, stack(0x0000000019100000,0x0000000019200000)]
  0x0000000017e99000 JavaThread "Reference Handler" daemon [_thread_blocked, id=13316, stack(0x0000000019000000,0x0000000019100000)]
  0x00000000017bd800 JavaThread "main" [_thread_blocked, id=21100, stack(0x0000000002fb0000,0x00000000030b0000)]

Other Threads:
  0x0000000017e76000 VMThread [stack: 0x0000000018f00000,0x0000000019000000] [id=7880]
  0x0000000019876800 WatcherThread [stack: 0x0000000019d00000,0x0000000019e00000] [id=19788]

VM state:not at safepoint (normal execution)

VM Mutex/Monitor currently owned by a thread: None

heap address: 0x0000000080000000, size: 2048 MB, Compressed Oops mode: 32-bit
Narrow klass base: 0x0000000000000000, Narrow klass shift: 3
Compressed class space size: 1073741824 Address: 0x0000000100000000

Heap:
 PSYoungGen      total 342016K, used 159814K [0x00000000d5580000, 0x00000000ebe00000, 0x0000000100000000)
  eden space 314880K, 44% used [0x00000000d5580000,0x00000000ddfb7380,0x00000000e8900000)
  from space 27136K, 67% used [0x00000000e8900000,0x00000000e9ada628,0x00000000ea380000)
  to   space 25088K, 0% used [0x00000000ea580000,0x00000000ea580000,0x00000000ebe00000)
 ParOldGen       total 111104K, used 110866K [0x0000000080000000, 0x0000000086c80000, 0x00000000d5580000)
  object space 111104K, 99% used [0x0000000080000000,0x0000000086c44b50,0x0000000086c80000)
 Metaspace       used 83384K, capacity 86818K, committed 87316K, reserved 1124352K
  class space    used 11117K, capacity 11770K, committed 11836K, reserved 1048576K

Card table byte_map: [0x0000000012650000,0x0000000012a60000] byte_map_base: 0x0000000012250000

Marking Bits: (ParMarkBitMap*) 0x000000006669f030
 Begin Bits: [0x0000000013110000, 0x0000000015110000)
 End Bits:   [0x0000000015110000, 0x0000000017110000)

Polling page: 0x00000000011a0000

CodeCache: size=245760Kb used=33148Kb max_used=33148Kb free=212611Kb
 bounds [0x0000000003290000, 0x0000000005320000, 0x0000000012290000]
 total_blobs=10873 nmethods=10034 adapters=751
 compilation: enabled

Compilation events (10 events):
Event: 37.655 Thread 0x0000000017ebe800 nmethod 11723 0x0000000005306150 code [0x0000000005306380, 0x0000000005306bb8]
Event: 37.659 Thread 0x0000000017ebe800 11724       2       java.lang.Integer::toString (48 bytes)
Event: 37.660 Thread 0x0000000017ebe800 nmethod 11724 0x0000000005307310 code [0x00000000053074a0, 0x0000000005307848]
Event: 37.662 Thread 0x0000000017ebe800 11726   !   2       com.sun.tools.javac.comp.MemberEnter$6::run (70 bytes)
Event: 37.663 Thread 0x0000000017ebe800 nmethod 11726 0x0000000005307b10 code [0x0000000005307cc0, 0x0000000005308038]
Event: 37.663 Thread 0x0000000017ebe800 11727       2       com.android.tools.r8.code.a::<init> (7 bytes)
Event: 37.663 Thread 0x0000000017ebe800 nmethod 11727 0x0000000005308450 code [0x00000000053085a0, 0x0000000005308750]
Event: 37.667 Thread 0x0000000017ebe800 11728       3       com.sun.tools.javac.util.Convert::quote (42 bytes)
Event: 37.668 Thread 0x0000000017ebe800 nmethod 11728 0x0000000005308890 code [0x0000000005308a80, 0x0000000005309458]
Event: 37.679 Thread 0x0000000017ebe800 11730       3       java.util.Formatter$FormatSpecifier::print (463 bytes)

GC Heap History (10 events):
Event: 17.295 GC heap before
{Heap before GC invocations=15 (full 3):
 PSYoungGen      total 261120K, used 4093K [0x00000000d5580000, 0x00000000e6a80000, 0x0000000100000000)
  eden space 241664K, 0% used [0x00000000d5580000,0x00000000d5580000,0x00000000e4180000)
  from space 19456K, 21% used [0x00000000e5780000,0x00000000e5b7f6f0,0x00000000e6a80000)
  to   space 20992K, 0% used [0x00000000e4180000,0x00000000e4180000,0x00000000e5600000)
 ParOldGen       total 68608K, used 44046K [0x0000000080000000, 0x0000000084300000, 0x00000000d5580000)
  object space 68608K, 64% used [0x0000000080000000,0x0000000082b03800,0x0000000084300000)
 Metaspace       used 56833K, capacity 59014K, committed 59028K, reserved 1099776K
  class space    used 7670K, capacity 8112K, committed 8124K, reserved 1048576K
Event: 17.506 GC heap after
Heap after GC invocations=15 (full 3):
 PSYoungGen      total 261120K, used 0K [0x00000000d5580000, 0x00000000e6a80000, 0x0000000100000000)
  eden space 241664K, 0% used [0x00000000d5580000,0x00000000d5580000,0x00000000e4180000)
  from space 19456K, 0% used [0x00000000e5780000,0x00000000e5780000,0x00000000e6a80000)
  to   space 20992K, 0% used [0x00000000e4180000,0x00000000e4180000,0x00000000e5600000)
 ParOldGen       total 104448K, used 34485K [0x0000000080000000, 0x0000000086600000, 0x00000000d5580000)
  object space 104448K, 33% used [0x0000000080000000,0x00000000821ad750,0x0000000086600000)
 Metaspace       used 56820K, capacity 58972K, committed 59028K, reserved 1099776K
  class space    used 7666K, capacity 8105K, committed 8124K, reserved 1048576K
}
Event: 22.188 GC heap before
{Heap before GC invocations=16 (full 3):
 PSYoungGen      total 261120K, used 241664K [0x00000000d5580000, 0x00000000e6a80000, 0x0000000100000000)
  eden space 241664K, 100% used [0x00000000d5580000,0x00000000e4180000,0x00000000e4180000)
  from space 19456K, 0% used [0x00000000e5780000,0x00000000e5780000,0x00000000e6a80000)
  to   space 20992K, 0% used [0x00000000e4180000,0x00000000e4180000,0x00000000e5600000)
 ParOldGen       total 104448K, used 34485K [0x0000000080000000, 0x0000000086600000, 0x00000000d5580000)
  object space 104448K, 33% used [0x0000000080000000,0x00000000821ad750,0x0000000086600000)
 Metaspace       used 66791K, capacity 69694K, committed 69908K, reserved 1110016K
  class space    used 9133K, capacity 9718K, committed 9788K, reserved 1048576K
Event: 22.225 GC heap after
Heap after GC invocations=16 (full 3):
 PSYoungGen      total 262656K, used 20985K [0x00000000d5580000, 0x00000000ebe00000, 0x0000000100000000)
  eden space 241664K, 0% used [0x00000000d5580000,0x00000000d5580000,0x00000000e4180000)
  from space 20992K, 99% used [0x00000000e4180000,0x00000000e55fe568,0x00000000e5600000)
  to   space 25088K, 0% used [0x00000000ea580000,0x00000000ea580000,0x00000000ebe00000)
 ParOldGen       total 104448K, used 36490K [0x0000000080000000, 0x0000000086600000, 0x00000000d5580000)
  object space 104448K, 34% used [0x0000000080000000,0x00000000823a2a20,0x0000000086600000)
 Metaspace       used 66791K, capacity 69694K, committed 69908K, reserved 1110016K
  class space    used 9133K, capacity 9718K, committed 9788K, reserved 1048576K
}
Event: 26.317 GC heap before
{Heap before GC invocations=17 (full 3):
 PSYoungGen      total 262656K, used 262649K [0x00000000d5580000, 0x00000000ebe00000, 0x0000000100000000)
  eden space 241664K, 100% used [0x00000000d5580000,0x00000000e4180000,0x00000000e4180000)
  from space 20992K, 99% used [0x00000000e4180000,0x00000000e55fe568,0x00000000e5600000)
  to   space 25088K, 0% used [0x00000000ea580000,0x00000000ea580000,0x00000000ebe00000)
 ParOldGen       total 104448K, used 36490K [0x0000000080000000, 0x0000000086600000, 0x00000000d5580000)
  object space 104448K, 34% used [0x0000000080000000,0x00000000823a2a20,0x0000000086600000)
 Metaspace       used 72034K, capacity 75178K, committed 75412K, reserved 1114112K
  class space    used 9762K, capacity 10370K, committed 10428K, reserved 1048576K
Event: 26.368 GC heap after
Heap after GC invocations=17 (full 3):
 PSYoungGen      total 339968K, used 20474K [0x00000000d5580000, 0x00000000ebe00000, 0x0000000100000000)
  eden space 314880K, 0% used [0x00000000d5580000,0x00000000d5580000,0x00000000e8900000)
  from space 25088K, 81% used [0x00000000ea580000,0x00000000eb97e838,0x00000000ebe00000)
  to   space 27136K, 0% used [0x00000000e8900000,0x00000000e8900000,0x00000000ea380000)
 ParOldGen       total 104448K, used 49581K [0x0000000080000000, 0x0000000086600000, 0x00000000d5580000)
  object space 104448K, 47% used [0x0000000080000000,0x000000008306b478,0x0000000086600000)
 Metaspace       used 72034K, capacity 75178K, committed 75412K, reserved 1114112K
  class space    used 9762K, capacity 10370K, committed 10428K, reserved 1048576K
}
Event: 31.589 GC heap before
{Heap before GC invocations=18 (full 3):
 PSYoungGen      total 339968K, used 335354K [0x00000000d5580000, 0x00000000ebe00000, 0x0000000100000000)
  eden space 314880K, 100% used [0x00000000d5580000,0x00000000e8900000,0x00000000e8900000)
  from space 25088K, 81% used [0x00000000ea580000,0x00000000eb97e838,0x00000000ebe00000)
  to   space 27136K, 0% used [0x00000000e8900000,0x00000000e8900000,0x00000000ea380000)
 ParOldGen       total 104448K, used 49581K [0x0000000080000000, 0x0000000086600000, 0x00000000d5580000)
  object space 104448K, 47% used [0x0000000080000000,0x000000008306b478,0x0000000086600000)
 Metaspace       used 82673K, capacity 86268K, committed 86548K, reserved 1124352K
  class space    used 11101K, capacity 11753K, committed 11836K, reserved 1048576K
Event: 31.879 GC heap after
Heap after GC invocations=18 (full 3):
 PSYoungGen      total 342016K, used 27129K [0x00000000d5580000, 0x00000000ebe00000, 0x0000000100000000)
  eden space 314880K, 0% used [0x00000000d5580000,0x00000000d5580000,0x00000000e8900000)
  from space 27136K, 99% used [0x00000000e8900000,0x00000000ea37e710,0x00000000ea380000)
  to   space 25088K, 0% used [0x00000000ea580000,0x00000000ea580000,0x00000000ebe00000)
 ParOldGen       total 111104K, used 110775K [0x0000000080000000, 0x0000000086c80000, 0x00000000d5580000)
  object space 111104K, 99% used [0x0000000080000000,0x0000000086c2de68,0x0000000086c80000)
 Metaspace       used 82673K, capacity 86268K, committed 86548K, reserved 1124352K
  class space    used 11101K, capacity 11753K, committed 11836K, reserved 1048576K
}
Event: 31.880 GC heap before
{Heap before GC invocations=19 (full 4):
 PSYoungGen      total 342016K, used 27129K [0x00000000d5580000, 0x00000000ebe00000, 0x0000000100000000)
  eden space 314880K, 0% used [0x00000000d5580000,0x00000000d5580000,0x00000000e8900000)
  from space 27136K, 99% used [0x00000000e8900000,0x00000000ea37e710,0x00000000ea380000)
  to   space 25088K, 0% used [0x00000000ea580000,0x00000000ea580000,0x00000000ebe00000)
 ParOldGen       total 111104K, used 110775K [0x0000000080000000, 0x0000000086c80000, 0x00000000d5580000)
  object space 111104K, 99% used [0x0000000080000000,0x0000000086c2de68,0x0000000086c80000)
 Metaspace       used 82673K, capacity 86268K, committed 86548K, reserved 1124352K
  class space    used 11101K, capacity 11753K, committed 11836K, reserved 1048576K
Event: 33.895 GC heap after
Heap after GC invocations=19 (full 4):
 PSYoungGen      total 342016K, used 18281K [0x00000000d5580000, 0x00000000ebe00000, 0x0000000100000000)
  eden space 314880K, 0% used [0x00000000d5580000,0x00000000d5580000,0x00000000e8900000)
  from space 27136K, 67% used [0x00000000e8900000,0x00000000e9ada628,0x00000000ea380000)
  to   space 25088K, 0% used [0x00000000ea580000,0x00000000ea580000,0x00000000ebe00000)
 ParOldGen       total 111104K, used 110866K [0x0000000080000000, 0x0000000086c80000, 0x00000000d5580000)
  object space 111104K, 99% used [0x0000000080000000,0x0000000086c44b50,0x0000000086c80000)
 Metaspace       used 82579K, capacity 85988K, committed 86548K, reserved 1124352K
  class space    used 11071K, capacity 11701K, committed 11836K, reserved 1048576K
}

Deoptimization events (10 events):
Event: 34.056 Thread 0x000000001aee3800 Uncommon trap: reason=unloaded action=reinterpret pc=0x0000000005039fc8 method=com.android.tools.r8.dex.n.i()Lcom/android/tools/r8/graph/l0; @ 453
Event: 35.097 Thread 0x000000001aee5000 Uncommon trap: reason=unloaded action=reinterpret pc=0x0000000005099de4 method=com.android.tools.r8.code.v1.a(Ljava/nio/ShortBuffer;IILcom/android/tools/r8/graph/h1;)[Lcom/android/tools/r8/code/u1; @ 3718
Event: 35.399 Thread 0x0000000020936000 Uncommon trap: reason=unstable_if action=reinterpret pc=0x000000000354691c method=javax.lang.model.SourceVersion.isIdentifier(Ljava/lang/CharSequence;)Z @ 54
Event: 35.469 Thread 0x0000000020936000 Uncommon trap: reason=bimorphic action=maybe_recompile pc=0x0000000004807490 method=com.sun.tools.javac.code.Scope.lookup(Lcom/sun/tools/javac/util/Name;Lcom/sun/tools/javac/util/Filter;)Lcom/sun/tools/javac/code/Scope$Entry; @ 49
Event: 35.475 Thread 0x0000000020936000 Uncommon trap: reason=bimorphic action=maybe_recompile pc=0x0000000004807490 method=com.sun.tools.javac.code.Scope.lookup(Lcom/sun/tools/javac/util/Name;Lcom/sun/tools/javac/util/Filter;)Lcom/sun/tools/javac/code/Scope$Entry; @ 49
Event: 35.477 Thread 0x0000000020936000 Uncommon trap: reason=bimorphic action=maybe_recompile pc=0x0000000004807490 method=com.sun.tools.javac.code.Scope.lookup(Lcom/sun/tools/javac/util/Name;Lcom/sun/tools/javac/util/Filter;)Lcom/sun/tools/javac/code/Scope$Entry; @ 49
Event: 35.477 Thread 0x0000000020936000 Uncommon trap: reason=bimorphic action=maybe_recompile pc=0x0000000004807490 method=com.sun.tools.javac.code.Scope.lookup(Lcom/sun/tools/javac/util/Name;Lcom/sun/tools/javac/util/Filter;)Lcom/sun/tools/javac/code/Scope$Entry; @ 49
Event: 35.689 Thread 0x000000001aee5000 Uncommon trap: reason=unloaded action=reinterpret pc=0x0000000005206fc4 method=com.android.tools.r8.code.v1.a(Ljava/nio/ShortBuffer;IILcom/android/tools/r8/graph/h1;)[Lcom/android/tools/r8/code/u1; @ 3952
Event: 35.857 Thread 0x000000001aee6000 Uncommon trap: reason=unstable_if action=reinterpret pc=0x00000000050c597c method=com.android.tools.r8.dex.n.i()Lcom/android/tools/r8/graph/l0; @ 27
Event: 37.165 Thread 0x000000001aee6000 Uncommon trap: reason=unloaded action=reinterpret pc=0x000000000528807c method=com.android.tools.r8.code.v1.a(Ljava/nio/ShortBuffer;IILcom/android/tools/r8/graph/h1;)[Lcom/android/tools/r8/code/u1; @ 3614

Classes redefined (0 events):
No events

Internal exceptions (10 events):
Event: 27.018 Thread 0x0000000020934800 Exception <a 'java/lang/NoSuchMethodError': <clinit>> (0x00000000d7246bd8) thrown at [C:\src\AOSP-openjdk-git\hotspot\src\share\vm\prims\jni.cpp, line 1615]
Event: 27.227 Thread 0x0000000020936000 Exception <a 'java/lang/NoSuchMethodError': <clinit>> (0x00000000d8245768) thrown at [C:\src\AOSP-openjdk-git\hotspot\src\share\vm\prims\jni.cpp, line 1615]
Event: 27.236 Thread 0x0000000020936000 Exception <a 'java/lang/NoSuchMethodError': <clinit>> (0x00000000d879b0a0) thrown at [C:\src\AOSP-openjdk-git\hotspot\src\share\vm\prims\jni.cpp, line 1615]
Event: 28.319 Thread 0x000000001a48b000 Exception <a 'java/lang/NoSuchMethodError': <clinit>> (0x00000000dcd2ced8) thrown at [C:\src\AOSP-openjdk-git\hotspot\src\share\vm\prims\jni.cpp, line 1615]
Event: 28.320 Thread 0x000000001a48b000 Exception <a 'java/lang/NoSuchMethodError': <clinit>> (0x00000000dcd43ea8) thrown at [C:\src\AOSP-openjdk-git\hotspot\src\share\vm\prims\jni.cpp, line 1615]
Event: 28.913 Thread 0x0000000020932000 Exception <a 'sun/nio/fs/WindowsException'> (0x00000000df34dca0) thrown at [C:\src\AOSP-openjdk-git\hotspot\src\share\vm\prims\jni.cpp, line 710]
Event: 29.591 Thread 0x0000000020936000 Implicit null exception at 0x0000000003a63ff2 to 0x0000000003a647d5
Event: 31.482 Thread 0x0000000020936000 Implicit null exception at 0x0000000004525898 to 0x00000000045258ce
Event: 31.549 Thread 0x000000001aee6000 Implicit null exception at 0x0000000003bfe32f to 0x0000000003bfe421
Event: 31.549 Thread 0x000000001aee4800 Implicit null exception at 0x0000000003bfe32f to 0x0000000003bfe421

Events (10 events):
Event: 37.165 Thread 0x000000001aee6000 Uncommon trap: trap_request=0x00000279 fr.pc=0x000000000528807c
Event: 37.165 Thread 0x000000001aee6000 DEOPT PACKING pc=0x000000000528807c sp=0x000000002e6feb20
Event: 37.165 Thread 0x000000001aee6000 DEOPT UNPACKING pc=0x00000000032d557b sp=0x000000002e6feaf8 mode 2
Event: 37.224 loading class com/sun/tools/javac/tree/JCTree$1
Event: 37.224 loading class com/sun/tools/javac/tree/JCTree$1 done
Event: 37.564 Thread 0x0000000020936000 DEOPT PACKING pc=0x000000000527f70a sp=0x000000002d9ec760
Event: 37.564 Thread 0x0000000020936000 DEOPT UNPACKING pc=0x00000000032d75d0 sp=0x000000002d9ec5d8 mode 0
Event: 37.668 Thread 0x0000000020936000 DEOPT PACKING pc=0x00000000052db026 sp=0x000000002d9ec8d0
Event: 37.668 Thread 0x0000000020936000 DEOPT UNPACKING pc=0x00000000032d75d0 sp=0x000000002d9ec648 mode 0
Event: 37.674 loading class java/util/concurrent/ConcurrentLinkedQueue$Itr


Dynamic libraries:
0x00007ff77ab10000 - 0x00007ff77ab41000 	C:\Program Files\Android\Android Studio\jre\bin\java.exe
0x00007ffe30a10000 - 0x00007ffe30c05000 	C:\Windows\SYSTEM32\ntdll.dll
0x00007ffe30360000 - 0x00007ffe3041e000 	C:\Windows\System32\KERNEL32.DLL
0x00007ffe2e500000 - 0x00007ffe2e7c8000 	C:\Windows\System32\KERNELBASE.dll
0x00007ffe2fa50000 - 0x00007ffe2fafe000 	C:\Windows\System32\ADVAPI32.dll
0x00007ffe2ea70000 - 0x00007ffe2eb0e000 	C:\Windows\System32\msvcrt.dll
0x00007ffe2eb10000 - 0x00007ffe2ebac000 	C:\Windows\System32\sechost.dll
0x00007ffe2fd00000 - 0x00007ffe2fe25000 	C:\Windows\System32\RPCRT4.dll
0x00007ffe2ecf0000 - 0x00007ffe2ee90000 	C:\Windows\System32\USER32.dll
0x00007ffe2e440000 - 0x00007ffe2e462000 	C:\Windows\System32\win32u.dll
0x00007ffe2fa20000 - 0x00007ffe2fa4b000 	C:\Windows\System32\GDI32.dll
0x00007ffe2e330000 - 0x00007ffe2e43d000 	C:\Windows\System32\gdi32full.dll
0x00007ffe2e120000 - 0x00007ffe2e1bd000 	C:\Windows\System32\msvcp_win.dll
0x00007ffe2e960000 - 0x00007ffe2ea60000 	C:\Windows\System32\ucrtbase.dll
0x00007ffe1d6e0000 - 0x00007ffe1d97a000 	C:\Windows\WinSxS\amd64_microsoft.windows.common-controls_6595b64144ccf1df_6.0.19041.1110_none_60b5254171f9507e\COMCTL32.dll
0x00007ffe2ebb0000 - 0x00007ffe2ebe0000 	C:\Windows\System32\IMM32.DLL
0x0000000065d10000 - 0x0000000065de2000 	C:\Program Files\Android\Android Studio\jre\jre\bin\msvcr100.dll
0x0000000065ed0000 - 0x000000006671b000 	C:\Program Files\Android\Android Studio\jre\jre\bin\server\jvm.dll
0x00007ffe30420000 - 0x00007ffe30428000 	C:\Windows\System32\PSAPI.DLL
0x00007ffe1d450000 - 0x00007ffe1d477000 	C:\Windows\SYSTEM32\WINMM.dll
0x00007ffe27b10000 - 0x00007ffe27b1a000 	C:\Windows\SYSTEM32\VERSION.dll
0x00007ffe1d170000 - 0x00007ffe1d179000 	C:\Windows\SYSTEM32\WSOCK32.dll
0x00007ffe2fc80000 - 0x00007ffe2fceb000 	C:\Windows\System32\WS2_32.dll
0x00007ffe28af0000 - 0x00007ffe28aff000 	C:\Program Files\Android\Android Studio\jre\jre\bin\verify.dll
0x00007ffe28ac0000 - 0x00007ffe28ae9000 	C:\Program Files\Android\Android Studio\jre\jre\bin\java.dll
0x00007ffe28a70000 - 0x00007ffe28a86000 	C:\Program Files\Android\Android Studio\jre\jre\bin\zip.dll
0x00007ffe2f250000 - 0x00007ffe2f994000 	C:\Windows\System32\SHELL32.dll
0x00007ffe2be40000 - 0x00007ffe2c5d4000 	C:\Windows\SYSTEM32\windows.storage.dll
0x00007ffe30490000 - 0x00007ffe307e5000 	C:\Windows\System32\combase.dll
0x00007ffe2db70000 - 0x00007ffe2db9e000 	C:\Windows\SYSTEM32\Wldp.dll
0x00007ffe30920000 - 0x00007ffe309cd000 	C:\Windows\System32\SHCORE.dll
0x00007ffe2ec00000 - 0x00007ffe2ec55000 	C:\Windows\System32\shlwapi.dll
0x00007ffe2e060000 - 0x00007ffe2e07f000 	C:\Windows\SYSTEM32\profapi.dll
0x00007ffe28580000 - 0x00007ffe2859a000 	C:\Program Files\Android\Android Studio\jre\jre\bin\net.dll
0x00007ffe2d8d0000 - 0x00007ffe2d93a000 	C:\Windows\system32\mswsock.dll
0x00007ffe28240000 - 0x00007ffe28253000 	C:\Program Files\Android\Android Studio\jre\jre\bin\nio.dll
0x00007ffe282f0000 - 0x00007ffe28317000 	C:\Users\METRO\.gradle\native\f6784746aeab05261644944871eae4fe03e0ef1612fff0a4a95f87b438bc6780\windows-amd64\native-platform.dll
0x00007ffe28ab0000 - 0x00007ffe28abd000 	C:\Program Files\Android\Android Studio\jre\jre\bin\management.dll
0x00007ffe2dac0000 - 0x00007ffe2dad8000 	C:\Windows\SYSTEM32\CRYPTSP.dll
0x00007ffe2d1e0000 - 0x00007ffe2d214000 	C:\Windows\system32\rsaenh.dll
0x00007ffe2e7d0000 - 0x00007ffe2e7f7000 	C:\Windows\System32\bcrypt.dll
0x00007ffe2e020000 - 0x00007ffe2e04e000 	C:\Windows\SYSTEM32\USERENV.dll
0x00007ffe2e470000 - 0x00007ffe2e4f2000 	C:\Windows\System32\bcryptprimitives.dll
0x00007ffe2dae0000 - 0x00007ffe2daec000 	C:\Windows\SYSTEM32\CRYPTBASE.dll
0x00007ffe2d570000 - 0x00007ffe2d5ab000 	C:\Windows\SYSTEM32\IPHLPAPI.DLL
0x00007ffe2ea60000 - 0x00007ffe2ea68000 	C:\Windows\System32\NSI.dll
0x00007ffe25b90000 - 0x00007ffe25ba7000 	C:\Windows\SYSTEM32\dhcpcsvc6.DLL
0x00007ffe25b70000 - 0x00007ffe25b8d000 	C:\Windows\SYSTEM32\dhcpcsvc.DLL
0x00007ffe2d5c0000 - 0x00007ffe2d68b000 	C:\Windows\SYSTEM32\DNSAPI.dll
0x00007ffe27b20000 - 0x00007ffe27b2b000 	C:\Windows\SYSTEM32\WINNSI.DLL

VM Arguments:
jvm_args: -Xmx2048m -Dfile.encoding=UTF-8 -Duser.country=US -Duser.language=en -Duser.variant 
java_command: org.gradle.launcher.daemon.bootstrap.GradleDaemon 6.5
java_class_path (initial): C:\Users\METRO\.gradle\wrapper\dists\gradle-6.5-bin\6nifqtx7604sqp1q6g8wikw7p\gradle-6.5\lib\gradle-launcher-6.5.jar
Launcher Type: SUN_STANDARD

Environment Variables:
PATH=C:\Program Files\Java\jdk-15.0.2\bin;C:\Program Files\Java\jdk1.8.0_112\bin;C:\Program Files\Common Files\Oracle\Java\javapath;C:\Program Files (x86)\Common Files\Oracle\Java\javapath;C:\Windows\system32;C:\Windows;C:\Windows\System32\Wbem;C:\Windows\System32\WindowsPowerShell\v1.0\;C:\Windows\System32\OpenSSH\;C:\Program Files (x86)\QT Lite\QTSystem;C:\Program Files (x86)\Intel\Intel(R) Management Engine Components\DAL;C:\Program Files\Intel\Intel(R) Management Engine Components\DAL;C:\TDM-GCC-64\bin;C:\Program Files (x86)\dotnet\;C:\Program Files\Git\cmd;C:\Users\METRO\AppData\Local\Programs\Python\Python39\Scripts\;C:\Users\METRO\AppData\Local\Programs\Python\Python39\;C:\Users\METRO\AppData\Local\Microsoft\WindowsApps;C:\Users\METRO\AppData\Local\GitHubDesktop\bin;C:\Users\METRO\AppData\Local\Programs\Microsoft VS Code\bin
USERNAME=METRO
OS=Windows_NT
PROCESSOR_IDENTIFIER=Intel64 Family 6 Model 142 Stepping 9, GenuineIntel



---------------  S Y S T E M  ---------------

OS: Windows 10.0 , 64 bit Build 19041 (10.0.19041.1503)

CPU:total 4 (initial active 4) (2 cores per cpu, 2 threads per core) family 6 model 142 stepping 9, cmov, cx8, fxsr, mmx, sse, sse2, sse3, ssse3, sse4.1, sse4.2, popcnt, avx, avx2, aes, clmul, erms, 3dnowpref, lzcnt, ht, tsc, tscinvbit, bmi1, bmi2, adx

Memory: 4k page, physical 8249220k(289420k free), swap 33415044k(2800k free)

vm_info: OpenJDK 64-Bit Server VM (25.242-b01) for windows-amd64 JRE (1.8.0_242-release-1644-b01), built by "builder" with MS VC++ 10.0 (VS2010)

time: Thu Apr 07 13:09:55 2022
timezone: Egypt Standard Time
elapsed time: 37 seconds (0d 0h 0m 37s)

